2026-04-24 11:58:57,870 - INFO - Bot starting up
2026-04-24 11:58:58,218 - INFO - Bot is running and polling
2026-04-24 12:00:50,887 - INFO - Bot starting up
2026-04-24 12:00:51,235 - INFO - Bot is running and polling
2026-04-24 12:06:05,255 - INFO - Bot starting up
2026-04-24 12:06:05,575 - INFO - Bot is running and polling
2026-04-24 12:06:18,139 - INFO - USER_7171330738 - start_command - success
2026-04-24 12:06:18,139 - INFO - USER_7171330738 - start_command - success
2026-04-24 12:06:18,139 - INFO - USER_7171330738 - start_command - success
2026-04-24 12:06:23,215 - INFO - USER_7171330738 - language_selected_en - success
2026-04-24 12:06:23,215 - INFO - USER_7171330738 - language_selected_en - success
2026-04-24 12:06:23,215 - INFO - USER_7171330738 - language_selected_en - success
2026-04-24 12:06:23,215 - INFO - USER_7171330738 - language_selected_en - success
2026-04-24 12:06:33,459 - INFO - Translation successful: uz -> en
2026-04-24 12:06:33,459 - INFO - Translation successful: uz -> en
2026-04-24 12:06:33,459 - INFO - Translation successful: uz -> en
2026-04-24 12:06:33,459 - INFO - Translation successful: uz -> en
2026-04-24 12:06:33,459 - INFO - Translation successful: uz -> en
2026-04-24 12:06:33,459 - INFO - Translation successful: uz -> en
2026-04-24 12:06:33,508 - INFO - USER_7171330738 - translation_success_en - success
2026-04-24 12:06:33,508 - INFO - USER_7171330738 - translation_success_en - success
2026-04-24 12:06:33,508 - INFO - USER_7171330738 - translation_success_en - success
2026-04-24 12:06:33,508 - INFO - USER_7171330738 - translation_success_en - success
2026-04-24 12:06:33,508 - INFO - USER_7171330738 - translation_success_en - success
2026-04-24 12:06:33,508 - INFO - USER_7171330738 - translation_success_en - success
2026-04-24 12:06:45,425 - INFO - USER_7171330738 - language_selected_tr - success
2026-04-24 12:06:45,425 - INFO - USER_7171330738 - language_selected_tr - success
2026-04-24 12:06:45,425 - INFO - USER_7171330738 - language_selected_tr - success
2026-04-24 12:06:45,425 - INFO - USER_7171330738 - language_selected_tr - success
2026-04-24 12:06:45,425 - INFO - USER_7171330738 - language_selected_tr - success
2026-04-24 12:06:45,425 - INFO - USER_7171330738 - language_selected_tr - success
2026-04-24 12:06:45,425 - INFO - USER_7171330738 - language_selected_tr - success
2026-04-24 12:06:45,425 - INFO - USER_7171330738 - language_selected_tr - success
2026-04-24 12:06:45,425 - INFO - USER_7171330738 - language_selected_tr - success
2026-04-24 12:06:45,425 - INFO - USER_7171330738 - language_selected_tr - success
2026-04-24 12:06:45,425 - INFO - USER_7171330738 - language_selected_tr - success
2026-04-24 12:06:49,589 - INFO - Translation successful: uz -> tr
2026-04-24 12:06:49,589 - INFO - Translation successful: uz -> tr
2026-04-24 12:06:49,589 - INFO - Translation successful: uz -> tr
2026-04-24 12:06:49,589 - INFO - Translation successful: uz -> tr
2026-04-24 12:06:49,589 - INFO - Translation successful: uz -> tr
2026-04-24 12:06:49,589 - INFO - Translation successful: uz -> tr
2026-04-24 12:06:49,589 - INFO - Translation successful: uz -> tr
2026-04-24 12:06:49,589 - INFO - Translation successful: uz -> tr
2026-04-24 12:06:49,589 - INFO - Translation successful: uz -> tr
2026-04-24 12:06:49,589 - INFO - Translation successful: uz -> tr
2026-04-24 12:06:49,589 - INFO - Translation successful: uz -> tr
2026-04-24 12:06:49,589 - INFO - Translation successful: uz -> tr
2026-04-24 12:06:49,589 - INFO - Translation successful: uz -> tr
2026-04-24 12:06:49,638 - INFO - USER_7171330738 - translation_success_tr - success
2026-04-24 12:06:49,638 - INFO - USER_7171330738 - translation_success_tr - success
2026-04-24 12:06:49,638 - INFO - USER_7171330738 - translation_success_tr - success
2026-04-24 12:06:49,638 - INFO - USER_7171330738 - translation_success_tr - success
2026-04-24 12:06:49,638 - INFO - USER_7171330738 - translation_success_tr - success
2026-04-24 12:06:49,638 - INFO - USER_7171330738 - translation_success_tr - success
2026-04-24 12:06:49,638 - INFO - USER_7171330738 - translation_success_tr - success
2026-04-24 12:06:49,638 - INFO - USER_7171330738 - translation_success_tr - success
2026-04-24 12:06:49,638 - INFO - USER_7171330738 - translation_success_tr - success
2026-04-24 12:06:49,638 - INFO - USER_7171330738 - translation_success_tr - success
2026-04-24 12:06:49,638 - INFO - USER_7171330738 - translation_success_tr - success
2026-04-24 12:06:49,638 - INFO - USER_7171330738 - translation_success_tr - success
2026-04-24 12:06:49,638 - INFO - USER_7171330738 - translation_success_tr - success
2026-04-24 12:07:06,066 - INFO - Translation successful: uz -> tr
2026-04-24 12:07:06,066 - INFO - Translation successful: uz -> tr
2026-04-24 12:07:06,066 - INFO - Translation successful: uz -> tr
2026-04-24 12:07:06,066 - INFO - Translation successful: uz -> tr
2026-04-24 12:07:06,066 - INFO - Translation successful: uz -> tr
2026-04-24 12:07:06,066 - INFO - Translation successful: uz -> tr
2026-04-24 12:07:06,066 - INFO - Translation successful: uz -> tr
2026-04-24 12:07:06,066 - INFO - Translation successful: uz -> tr
2026-04-24 12:07:06,066 - INFO - Translation successful: uz -> tr
2026-04-24 12:07:06,066 - INFO - Translation successful: uz -> tr
2026-04-24 12:07:06,066 - INFO - Translation successful: uz -> tr
2026-04-24 12:07:06,066 - INFO - Translation successful: uz -> tr
2026-04-24 12:07:06,066 - INFO - Translation successful: uz -> tr
2026-04-24 12:07:06,066 - INFO - Translation successful: uz -> tr
2026-04-24 12:07:06,066 - INFO - Translation successful: uz -> tr
2026-04-24 12:07:06,066 - INFO - Translation successful: uz -> tr
2026-04-24 12:07:06,066 - INFO - Translation successful: uz -> tr
2026-04-24 12:07:06,116 - INFO - USER_7171330738 - translation_success_tr - success
2026-04-24 12:07:06,116 - INFO - USER_7171330738 - translation_success_tr - success
2026-04-24 12:07:06,116 - INFO - USER_7171330738 - translation_success_tr - success
2026-04-24 12:07:06,116 - INFO - USER_7171330738 - translation_success_tr - success
2026-04-24 12:07:06,116 - INFO - USER_7171330738 - translation_success_tr - success
2026-04-24 12:07:06,116 - INFO - USER_7171330738 - translation_success_tr - success
2026-04-24 12:07:06,116 - INFO - USER_7171330738 - translation_success_tr - success
2026-04-24 12:07:06,116 - INFO - USER_7171330738 - translation_success_tr - success
2026-04-24 12:07:06,116 - INFO - USER_7171330738 - translation_success_tr - success
2026-04-24 12:07:06,116 - INFO - USER_7171330738 - translation_success_tr - success
2026-04-24 12:07:06,116 - INFO - USER_7171330738 - translation_success_tr - success
2026-04-24 12:07:06,116 - INFO - USER_7171330738 - translation_success_tr - success
2026-04-24 12:07:06,116 - INFO - USER_7171330738 - translation_success_tr - success
2026-04-24 12:07:06,116 - INFO - USER_7171330738 - translation_success_tr - success
2026-04-24 12:07:06,116 - INFO - USER_7171330738 - translation_success_tr - success
2026-04-24 12:07:06,116 - INFO - USER_7171330738 - translation_success_tr - success
2026-04-24 12:07:06,116 - INFO - USER_7171330738 - translation_success_tr - success
2026-04-24 12:07:15,033 - INFO - USER_7171330738 - language_selected_ar - success
2026-04-24 12:07:15,033 - INFO - USER_7171330738 - language_selected_ar - success
2026-04-24 12:07:15,033 - INFO - USER_7171330738 - language_selected_ar - success
2026-04-24 12:07:15,033 - INFO - USER_7171330738 - language_selected_ar - success
2026-04-24 12:07:15,033 - INFO - USER_7171330738 - language_selected_ar - success
2026-04-24 12:07:15,033 - INFO - USER_7171330738 - language_selected_ar - success
2026-04-24 12:07:15,033 - INFO - USER_7171330738 - language_selected_ar - success
2026-04-24 12:07:15,033 - INFO - USER_7171330738 - language_selected_ar - success
2026-04-24 12:07:15,033 - INFO - USER_7171330738 - language_selected_ar - success
2026-04-24 12:07:15,033 - INFO - USER_7171330738 - language_selected_ar - success
2026-04-24 12:07:15,033 - INFO - USER_7171330738 - language_selected_ar - success
2026-04-24 12:07:15,033 - INFO - USER_7171330738 - language_selected_ar - success
2026-04-24 12:07:15,033 - INFO - USER_7171330738 - language_selected_ar - success
2026-04-24 12:07:15,033 - INFO - USER_7171330738 - language_selected_ar - success
2026-04-24 12:07:15,033 - INFO - USER_7171330738 - language_selected_ar - success
2026-04-24 12:07:15,033 - INFO - USER_7171330738 - language_selected_ar - success
2026-04-24 12:07:15,033 - INFO - USER_7171330738 - language_selected_ar - success
2026-04-24 12:07:15,033 - INFO - USER_7171330738 - language_selected_ar - success
2026-04-24 12:07:34,226 - INFO - Translation successful: uz -> ar
2026-04-24 12:07:34,226 - INFO - Translation successful: uz -> ar
2026-04-24 12:07:34,226 - INFO - Translation successful: uz -> ar
2026-04-24 12:07:34,226 - INFO - Translation successful: uz -> ar
2026-04-24 12:07:34,226 - INFO - Translation successful: uz -> ar
2026-04-24 12:07:34,226 - INFO - Translation successful: uz -> ar
2026-04-24 12:07:34,226 - INFO - Translation successful: uz -> ar
2026-04-24 12:07:34,226 - INFO - Translation successful: uz -> ar
2026-04-24 12:07:34,226 - INFO - Translation successful: uz -> ar
2026-04-24 12:07:34,226 - INFO - Translation successful: uz -> ar
2026-04-24 12:07:34,226 - INFO - Translation successful: uz -> ar
2026-04-24 12:07:34,226 - INFO - Translation successful: uz -> ar
2026-04-24 12:07:34,226 - INFO - Translation successful: uz -> ar
2026-04-24 12:07:34,226 - INFO - Translation successful: uz -> ar
2026-04-24 12:07:34,226 - INFO - Translation successful: uz -> ar
2026-04-24 12:07:34,226 - INFO - Translation successful: uz -> ar
2026-04-24 12:07:34,226 - INFO - Translation successful: uz -> ar
2026-04-24 12:07:34,226 - INFO - Translation successful: uz -> ar
2026-04-24 12:07:34,226 - INFO - Translation successful: uz -> ar
2026-04-24 12:07:34,226 - INFO - Translation successful: uz -> ar
2026-04-24 12:07:34,272 - INFO - USER_7171330738 - translation_success_ar - success
2026-04-24 12:07:34,272 - INFO - USER_7171330738 - translation_success_ar - success
2026-04-24 12:07:34,272 - INFO - USER_7171330738 - translation_success_ar - success
2026-04-24 12:07:34,272 - INFO - USER_7171330738 - translation_success_ar - success
2026-04-24 12:07:34,272 - INFO - USER_7171330738 - translation_success_ar - success
2026-04-24 12:07:34,272 - INFO - USER_7171330738 - translation_success_ar - success
2026-04-24 12:07:34,272 - INFO - USER_7171330738 - translation_success_ar - success
2026-04-24 12:07:34,272 - INFO - USER_7171330738 - translation_success_ar - success
2026-04-24 12:07:34,272 - INFO - USER_7171330738 - translation_success_ar - success
2026-04-24 12:07:34,272 - INFO - USER_7171330738 - translation_success_ar - success
2026-04-24 12:07:34,272 - INFO - USER_7171330738 - translation_success_ar - success
2026-04-24 12:07:34,272 - INFO - USER_7171330738 - translation_success_ar - success
2026-04-24 12:07:34,272 - INFO - USER_7171330738 - translation_success_ar - success
2026-04-24 12:07:34,272 - INFO - USER_7171330738 - translation_success_ar - success
2026-04-24 12:07:34,272 - INFO - USER_7171330738 - translation_success_ar - success
2026-04-24 12:07:34,272 - INFO - USER_7171330738 - translation_success_ar - success
2026-04-24 12:07:34,272 - INFO - USER_7171330738 - translation_success_ar - success
2026-04-24 12:07:34,272 - INFO - USER_7171330738 - translation_success_ar - success
2026-04-24 12:07:34,272 - INFO - USER_7171330738 - translation_success_ar - success
2026-04-24 12:07:34,272 - INFO - USER_7171330738 - translation_success_ar - success
2026-04-24 12:08:45,801 - INFO - USER_8353627615 - subscription_check - subscribed
2026-04-24 12:08:45,801 - INFO - USER_8353627615 - subscription_check - subscribed
2026-04-24 12:08:45,801 - INFO - USER_8353627615 - subscription_check - subscribed
2026-04-24 12:08:45,801 - INFO - USER_8353627615 - subscription_check - subscribed
2026-04-24 12:08:45,801 - INFO - USER_8353627615 - subscription_check - subscribed
2026-04-24 12:08:45,801 - INFO - USER_8353627615 - subscription_check - subscribed
2026-04-24 12:08:45,801 - INFO - USER_8353627615 - subscription_check - subscribed
2026-04-24 12:08:45,801 - INFO - USER_8353627615 - subscription_check - subscribed
2026-04-24 12:08:45,801 - INFO - USER_8353627615 - subscription_check - subscribed
2026-04-24 12:08:45,801 - INFO - USER_8353627615 - subscription_check - subscribed
2026-04-24 12:08:45,801 - INFO - USER_8353627615 - subscription_check - subscribed
2026-04-24 12:08:45,801 - INFO - USER_8353627615 - subscription_check - subscribed
2026-04-24 12:08:45,801 - INFO - USER_8353627615 - subscription_check - subscribed
2026-04-24 12:08:45,801 - INFO - USER_8353627615 - subscription_check - subscribed
2026-04-24 12:08:45,801 - INFO - USER_8353627615 - subscription_check - subscribed
2026-04-24 12:08:45,801 - INFO - USER_8353627615 - subscription_check - subscribed
2026-04-24 12:08:45,801 - INFO - USER_8353627615 - subscription_check - subscribed
2026-04-24 12:08:45,801 - INFO - USER_8353627615 - subscription_check - subscribed
2026-04-24 12:08:45,801 - INFO - USER_8353627615 - subscription_check - subscribed
2026-04-24 12:08:45,801 - INFO - USER_8353627615 - subscription_check - subscribed
2026-04-24 12:08:45,801 - INFO - USER_8353627615 - subscription_check - subscribed
2026-04-24 12:08:45,801 - INFO - USER_8353627615 - subscription_check - subscribed
2026-04-24 12:08:45,801 - INFO - USER_8353627615 - subscription_check - subscribed
2026-04-24 12:08:45,801 - INFO - USER_8353627615 - subscription_check - subscribed
2026-04-24 12:08:45,801 - INFO - USER_8353627615 - subscription_check - subscribed
2026-04-24 12:08:45,801 - INFO - USER_8353627615 - subscription_check - subscribed
2026-04-24 12:08:46,011 - INFO - USER_8353627615 - subscription_verified - success
2026-04-24 12:08:46,011 - INFO - USER_8353627615 - subscription_verified - success
2026-04-24 12:08:46,011 - INFO - USER_8353627615 - subscription_verified - success
2026-04-24 12:08:46,011 - INFO - USER_8353627615 - subscription_verified - success
2026-04-24 12:08:46,011 - INFO - USER_8353627615 - subscription_verified - success
2026-04-24 12:08:46,011 - INFO - USER_8353627615 - subscription_verified - success
2026-04-24 12:08:46,011 - INFO - USER_8353627615 - subscription_verified - success
2026-04-24 12:08:46,011 - INFO - USER_8353627615 - subscription_verified - success
2026-04-24 12:08:46,011 - INFO - USER_8353627615 - subscription_verified - success
2026-04-24 12:08:46,011 - INFO - USER_8353627615 - subscription_verified - success
2026-04-24 12:08:46,011 - INFO - USER_8353627615 - subscription_verified - success
2026-04-24 12:08:46,011 - INFO - USER_8353627615 - subscription_verified - success
2026-04-24 12:08:46,011 - INFO - USER_8353627615 - subscription_verified - success
2026-04-24 12:08:46,011 - INFO - USER_8353627615 - subscription_verified - success
2026-04-24 12:08:46,011 - INFO - USER_8353627615 - subscription_verified - success
2026-04-24 12:08:46,011 - INFO - USER_8353627615 - subscription_verified - success
2026-04-24 12:08:46,011 - INFO - USER_8353627615 - subscription_verified - success
2026-04-24 12:08:46,011 - INFO - USER_8353627615 - subscription_verified - success
2026-04-24 12:08:46,011 - INFO - USER_8353627615 - subscription_verified - success
2026-04-24 12:08:46,011 - INFO - USER_8353627615 - subscription_verified - success
2026-04-24 12:08:46,011 - INFO - USER_8353627615 - subscription_verified - success
2026-04-24 12:08:46,011 - INFO - USER_8353627615 - subscription_verified - success
2026-04-24 12:08:46,011 - INFO - USER_8353627615 - subscription_verified - success
2026-04-24 12:08:46,011 - INFO - USER_8353627615 - subscription_verified - success
2026-04-24 12:08:46,011 - INFO - USER_8353627615 - subscription_verified - success
2026-04-24 12:08:46,011 - INFO - USER_8353627615 - subscription_verified - success
2026-04-24 12:08:52,435 - INFO - USER_8353627615 - language_selected_ru - success
2026-04-24 12:08:52,435 - INFO - USER_8353627615 - language_selected_ru - success
2026-04-24 12:08:52,435 - INFO - USER_8353627615 - language_selected_ru - success
2026-04-24 12:08:52,435 - INFO - USER_8353627615 - language_selected_ru - success
2026-04-24 12:08:52,435 - INFO - USER_8353627615 - language_selected_ru - success
2026-04-24 12:08:52,435 - INFO - USER_8353627615 - language_selected_ru - success
2026-04-24 12:08:52,435 - INFO - USER_8353627615 - language_selected_ru - success
2026-04-24 12:08:52,435 - INFO - USER_8353627615 - language_selected_ru - success
2026-04-24 12:08:52,435 - INFO - USER_8353627615 - language_selected_ru - success
2026-04-24 12:08:52,435 - INFO - USER_8353627615 - language_selected_ru - success
2026-04-24 12:08:52,435 - INFO - USER_8353627615 - language_selected_ru - success
2026-04-24 12:08:52,435 - INFO - USER_8353627615 - language_selected_ru - success
2026-04-24 12:08:52,435 - INFO - USER_8353627615 - language_selected_ru - success
2026-04-24 12:08:52,435 - INFO - USER_8353627615 - language_selected_ru - success
2026-04-24 12:08:52,435 - INFO - USER_8353627615 - language_selected_ru - success
2026-04-24 12:08:52,435 - INFO - USER_8353627615 - language_selected_ru - success
2026-04-24 12:08:52,435 - INFO - USER_8353627615 - language_selected_ru - success
2026-04-24 12:08:52,435 - INFO - USER_8353627615 - language_selected_ru - success
2026-04-24 12:08:52,435 - INFO - USER_8353627615 - language_selected_ru - success
2026-04-24 12:08:52,435 - INFO - USER_8353627615 - language_selected_ru - success
2026-04-24 12:08:52,435 - INFO - USER_8353627615 - language_selected_ru - success
2026-04-24 12:08:52,435 - INFO - USER_8353627615 - language_selected_ru - success
2026-04-24 12:08:52,435 - INFO - USER_8353627615 - language_selected_ru - success
2026-04-24 12:08:52,435 - INFO - USER_8353627615 - language_selected_ru - success
2026-04-24 12:08:52,435 - INFO - USER_8353627615 - language_selected_ru - success
2026-04-24 12:08:52,435 - INFO - USER_8353627615 - language_selected_ru - success
2026-04-24 12:08:52,435 - INFO - USER_8353627615 - language_selected_ru - success
2026-04-24 12:10:44,126 - INFO - Translation successful: uz -> ru
2026-04-24 12:10:44,126 - INFO - Translation successful: uz -> ru
2026-04-24 12:10:44,126 - INFO - Translation successful: uz -> ru
2026-04-24 12:10:44,126 - INFO - Translation successful: uz -> ru
2026-04-24 12:10:44,126 - INFO - Translation successful: uz -> ru
2026-04-24 12:10:44,126 - INFO - Translation successful: uz -> ru
2026-04-24 12:10:44,126 - INFO - Translation successful: uz -> ru
2026-04-24 12:10:44,126 - INFO - Translation successful: uz -> ru
2026-04-24 12:10:44,126 - INFO - Translation successful: uz -> ru
2026-04-24 12:10:44,126 - INFO - Translation successful: uz -> ru
2026-04-24 12:10:44,126 - INFO - Translation successful: uz -> ru
2026-04-24 12:10:44,126 - INFO - Translation successful: uz -> ru
2026-04-24 12:10:44,126 - INFO - Translation successful: uz -> ru
2026-04-24 12:10:44,126 - INFO - Translation successful: uz -> ru
2026-04-24 12:10:44,126 - INFO - Translation successful: uz -> ru
2026-04-24 12:10:44,126 - INFO - Translation successful: uz -> ru
2026-04-24 12:10:44,126 - INFO - Translation successful: uz -> ru
2026-04-24 12:10:44,126 - INFO - Translation successful: uz -> ru
2026-04-24 12:10:44,126 - INFO - Translation successful: uz -> ru
2026-04-24 12:10:44,126 - INFO - Translation successful: uz -> ru
2026-04-24 12:10:44,126 - INFO - Translation successful: uz -> ru
2026-04-24 12:10:44,126 - INFO - Translation successful: uz -> ru
2026-04-24 12:10:44,126 - INFO - Translation successful: uz -> ru
2026-04-24 12:10:44,126 - INFO - Translation successful: uz -> ru
2026-04-24 12:10:44,126 - INFO - Translation successful: uz -> ru
2026-04-24 12:10:44,126 - INFO - Translation successful: uz -> ru
2026-04-24 12:10:44,126 - INFO - Translation successful: uz -> ru
2026-04-24 12:10:44,126 - INFO - Translation successful: uz -> ru
2026-04-24 12:10:44,126 - INFO - Translation successful: uz -> ru
2026-04-24 12:10:44,187 - INFO - USER_8353627615 - translation_success_ru - success
2026-04-24 12:10:44,187 - INFO - USER_8353627615 - translation_success_ru - success
2026-04-24 12:10:44,187 - INFO - USER_8353627615 - translation_success_ru - success
2026-04-24 12:10:44,187 - INFO - USER_8353627615 - translation_success_ru - success
2026-04-24 12:10:44,187 - INFO - USER_8353627615 - translation_success_ru - success
2026-04-24 12:10:44,187 - INFO - USER_8353627615 - translation_success_ru - success
2026-04-24 12:10:44,187 - INFO - USER_8353627615 - translation_success_ru - success
2026-04-24 12:10:44,187 - INFO - USER_8353627615 - translation_success_ru - success
2026-04-24 12:10:44,187 - INFO - USER_8353627615 - translation_success_ru - success
2026-04-24 12:10:44,187 - INFO - USER_8353627615 - translation_success_ru - success
2026-04-24 12:10:44,187 - INFO - USER_8353627615 - translation_success_ru - success
2026-04-24 12:10:44,187 - INFO - USER_8353627615 - translation_success_ru - success
2026-04-24 12:10:44,187 - INFO - USER_8353627615 - translation_success_ru - success
2026-04-24 12:10:44,187 - INFO - USER_8353627615 - translation_success_ru - success
2026-04-24 12:10:44,187 - INFO - USER_8353627615 - translation_success_ru - success
2026-04-24 12:10:44,187 - INFO - USER_8353627615 - translation_success_ru - success
2026-04-24 12:10:44,187 - INFO - USER_8353627615 - translation_success_ru - success
2026-04-24 12:10:44,187 - INFO - USER_8353627615 - translation_success_ru - success
2026-04-24 12:10:44,187 - INFO - USER_8353627615 - translation_success_ru - success
2026-04-24 12:10:44,187 - INFO - USER_8353627615 - translation_success_ru - success
2026-04-24 12:10:44,187 - INFO - USER_8353627615 - translation_success_ru - success
2026-04-24 12:10:44,187 - INFO - USER_8353627615 - translation_success_ru - success
2026-04-24 12:10:44,187 - INFO - USER_8353627615 - translation_success_ru - success
2026-04-24 12:10:44,187 - INFO - USER_8353627615 - translation_success_ru - success
2026-04-24 12:10:44,187 - INFO - USER_8353627615 - translation_success_ru - success
2026-04-24 12:10:44,187 - INFO - USER_8353627615 - translation_success_ru - success
2026-04-24 12:10:44,187 - INFO - USER_8353627615 - translation_success_ru - success
2026-04-24 12:10:44,187 - INFO - USER_8353627615 - translation_success_ru - success
2026-04-24 12:10:44,187 - INFO - USER_8353627615 - translation_success_ru - success
2026-04-24 12:11:37,064 - INFO - USER_8353627615 - language_selected_tr - success
2026-04-24 12:11:37,064 - INFO - USER_8353627615 - language_selected_tr - success
2026-04-24 12:11:37,064 - INFO - USER_8353627615 - language_selected_tr - success
2026-04-24 12:11:37,064 - INFO - USER_8353627615 - language_selected_tr - success
2026-04-24 12:11:37,064 - INFO - USER_8353627615 - language_selected_tr - success
2026-04-24 12:11:37,064 - INFO - USER_8353627615 - language_selected_tr - success
2026-04-24 12:11:37,064 - INFO - USER_8353627615 - language_selected_tr - success
2026-04-24 12:11:37,064 - INFO - USER_8353627615 - language_selected_tr - success
2026-04-24 12:11:37,064 - INFO - USER_8353627615 - language_selected_tr - success
2026-04-24 12:11:37,064 - INFO - USER_8353627615 - language_selected_tr - success
2026-04-24 12:11:37,064 - INFO - USER_8353627615 - language_selected_tr - success
2026-04-24 12:11:37,064 - INFO - USER_8353627615 - language_selected_tr - success
2026-04-24 12:11:37,064 - INFO - USER_8353627615 - language_selected_tr - success
2026-04-24 12:11:37,064 - INFO - USER_8353627615 - language_selected_tr - success
2026-04-24 12:11:37,064 - INFO - USER_8353627615 - language_selected_tr - success
2026-04-24 12:11:37,064 - INFO - USER_8353627615 - language_selected_tr - success
2026-04-24 12:11:37,064 - INFO - USER_8353627615 - language_selected_tr - success
2026-04-24 12:11:37,064 - INFO - USER_8353627615 - language_selected_tr - success
2026-04-24 12:11:37,064 - INFO - USER_8353627615 - language_selected_tr - success
2026-04-24 12:11:37,064 - INFO - USER_8353627615 - language_selected_tr - success
2026-04-24 12:11:37,064 - INFO - USER_8353627615 - language_selected_tr - success
2026-04-24 12:11:37,064 - INFO - USER_8353627615 - language_selected_tr - success
2026-04-24 12:11:37,064 - INFO - USER_8353627615 - language_selected_tr - success
2026-04-24 12:11:37,064 - INFO - USER_8353627615 - language_selected_tr - success
2026-04-24 12:11:37,064 - INFO - USER_8353627615 - language_selected_tr - success
2026-04-24 12:11:37,064 - INFO - USER_8353627615 - language_selected_tr - success
2026-04-24 12:11:37,064 - INFO - USER_8353627615 - language_selected_tr - success
2026-04-24 12:11:37,064 - INFO - USER_8353627615 - language_selected_tr - success
2026-04-24 12:11:37,064 - INFO - USER_8353627615 - language_selected_tr - success
2026-04-24 12:11:37,064 - INFO - USER_8353627615 - language_selected_tr - success
2026-04-24 12:11:37,064 - INFO - USER_8353627615 - language_selected_tr - success
2026-04-24 12:11:37,064 - INFO - USER_8353627615 - language_selected_tr - success
2026-04-24 12:12:01,504 - INFO - Translation successful: uz -> tr
2026-04-24 12:12:01,504 - INFO - Translation successful: uz -> tr
2026-04-24 12:12:01,504 - INFO - Translation successful: uz -> tr
2026-04-24 12:12:01,504 - INFO - Translation successful: uz -> tr
2026-04-24 12:12:01,504 - INFO - Translation successful: uz -> tr
2026-04-24 12:12:01,504 - INFO - Translation successful: uz -> tr
2026-04-24 12:12:01,504 - INFO - Translation successful: uz -> tr
2026-04-24 12:12:01,504 - INFO - Translation successful: uz -> tr
2026-04-24 12:12:01,504 - INFO - Translation successful: uz -> tr
2026-04-24 12:12:01,504 - INFO - Translation successful: uz -> tr
2026-04-24 12:12:01,504 - INFO - Translation successful: uz -> tr
2026-04-24 12:12:01,504 - INFO - Translation successful: uz -> tr
2026-04-24 12:12:01,504 - INFO - Translation successful: uz -> tr
2026-04-24 12:12:01,504 - INFO - Translation successful: uz -> tr
2026-04-24 12:12:01,504 - INFO - Translation successful: uz -> tr
2026-04-24 12:12:01,504 - INFO - Translation successful: uz -> tr
2026-04-24 12:12:01,504 - INFO - Translation successful: uz -> tr
2026-04-24 12:12:01,504 - INFO - Translation successful: uz -> tr
2026-04-24 12:12:01,504 - INFO - Translation successful: uz -> tr
2026-04-24 12:12:01,504 - INFO - Translation successful: uz -> tr
2026-04-24 12:12:01,504 - INFO - Translation successful: uz -> tr
2026-04-24 12:12:01,504 - INFO - Translation successful: uz -> tr
2026-04-24 12:12:01,504 - INFO - Translation successful: uz -> tr
2026-04-24 12:12:01,504 - INFO - Translation successful: uz -> tr
2026-04-24 12:12:01,504 - INFO - Translation successful: uz -> tr
2026-04-24 12:12:01,504 - INFO - Translation successful: uz -> tr
2026-04-24 12:12:01,504 - INFO - Translation successful: uz -> tr
2026-04-24 12:12:01,504 - INFO - Translation successful: uz -> tr
2026-04-24 12:12:01,504 - INFO - Translation successful: uz -> tr
2026-04-24 12:12:01,504 - INFO - Translation successful: uz -> tr
2026-04-24 12:12:01,504 - INFO - Translation successful: uz -> tr
2026-04-24 12:12:01,504 - INFO - Translation successful: uz -> tr
2026-04-24 12:12:01,504 - INFO - Translation successful: uz -> tr
2026-04-24 12:12:01,504 - INFO - Translation successful: uz -> tr
2026-04-24 12:12:01,547 - INFO - USER_8353627615 - translation_success_tr - success
2026-04-24 12:12:01,547 - INFO - USER_8353627615 - translation_success_tr - success
2026-04-24 12:12:01,547 - INFO - USER_8353627615 - translation_success_tr - success
2026-04-24 12:12:01,547 - INFO - USER_8353627615 - translation_success_tr - success
2026-04-24 12:12:01,547 - INFO - USER_8353627615 - translation_success_tr - success
2026-04-24 12:12:01,547 - INFO - USER_8353627615 - translation_success_tr - success
2026-04-24 12:12:01,547 - INFO - USER_8353627615 - translation_success_tr - success
2026-04-24 12:12:01,547 - INFO - USER_8353627615 - translation_success_tr - success
2026-04-24 12:12:01,547 - INFO - USER_8353627615 - translation_success_tr - success
2026-04-24 12:12:01,547 - INFO - USER_8353627615 - translation_success_tr - success
2026-04-24 12:12:01,547 - INFO - USER_8353627615 - translation_success_tr - success
2026-04-24 12:12:01,547 - INFO - USER_8353627615 - translation_success_tr - success
2026-04-24 12:12:01,547 - INFO - USER_8353627615 - translation_success_tr - success
2026-04-24 12:12:01,547 - INFO - USER_8353627615 - translation_success_tr - success
2026-04-24 12:12:01,547 - INFO - USER_8353627615 - translation_success_tr - success
2026-04-24 12:12:01,547 - INFO - USER_8353627615 - translation_success_tr - success
2026-04-24 12:12:01,547 - INFO - USER_8353627615 - translation_success_tr - success
2026-04-24 12:12:01,547 - INFO - USER_8353627615 - translation_success_tr - success
2026-04-24 12:12:01,547 - INFO - USER_8353627615 - translation_success_tr - success
2026-04-24 12:12:01,547 - INFO - USER_8353627615 - translation_success_tr - success
2026-04-24 12:12:01,547 - INFO - USER_8353627615 - translation_success_tr - success
2026-04-24 12:12:01,547 - INFO - USER_8353627615 - translation_success_tr - success
2026-04-24 12:12:01,547 - INFO - USER_8353627615 - translation_success_tr - success
2026-04-24 12:12:01,547 - INFO - USER_8353627615 - translation_success_tr - success
2026-04-24 12:12:01,547 - INFO - USER_8353627615 - translation_success_tr - success
2026-04-24 12:12:01,547 - INFO - USER_8353627615 - translation_success_tr - success
2026-04-24 12:12:01,547 - INFO - USER_8353627615 - translation_success_tr - success
2026-04-24 12:12:01,547 - INFO - USER_8353627615 - translation_success_tr - success
2026-04-24 12:12:01,547 - INFO - USER_8353627615 - translation_success_tr - success
2026-04-24 12:12:01,547 - INFO - USER_8353627615 - translation_success_tr - success
2026-04-24 12:12:01,547 - INFO - USER_8353627615 - translation_success_tr - success
2026-04-24 12:12:01,547 - INFO - USER_8353627615 - translation_success_tr - success
2026-04-24 12:12:01,547 - INFO - USER_8353627615 - translation_success_tr - success
2026-04-24 12:12:01,547 - INFO - USER_8353627615 - translation_success_tr - success
2026-04-24 12:12:12,978 - INFO - USER_8353627615 - language_selected_ko - success
2026-04-24 12:12:12,978 - INFO - USER_8353627615 - language_selected_ko - success
2026-04-24 12:12:12,978 - INFO - USER_8353627615 - language_selected_ko - success
2026-04-24 12:12:12,978 - INFO - USER_8353627615 - language_selected_ko - success
2026-04-24 12:12:12,978 - INFO - USER_8353627615 - language_selected_ko - success
2026-04-24 12:12:12,978 - INFO - USER_8353627615 - language_selected_ko - success
2026-04-24 12:12:12,978 - INFO - USER_8353627615 - language_selected_ko - success
2026-04-24 12:12:12,978 - INFO - USER_8353627615 - language_selected_ko - success
2026-04-24 12:12:12,978 - INFO - USER_8353627615 - language_selected_ko - success
2026-04-24 12:12:12,978 - INFO - USER_8353627615 - language_selected_ko - success
2026-04-24 12:12:12,978 - INFO - USER_8353627615 - language_selected_ko - success
2026-04-24 12:12:12,978 - INFO - USER_8353627615 - language_selected_ko - success
2026-04-24 12:12:12,978 - INFO - USER_8353627615 - language_selected_ko - success
2026-04-24 12:12:12,978 - INFO - USER_8353627615 - language_selected_ko - success
2026-04-24 12:12:12,978 - INFO - USER_8353627615 - language_selected_ko - success
2026-04-24 12:12:12,978 - INFO - USER_8353627615 - language_selected_ko - success
2026-04-24 12:12:12,978 - INFO - USER_8353627615 - language_selected_ko - success
2026-04-24 12:12:12,978 - INFO - USER_8353627615 - language_selected_ko - success
2026-04-24 12:12:12,978 - INFO - USER_8353627615 - language_selected_ko - success
2026-04-24 12:12:12,978 - INFO - USER_8353627615 - language_selected_ko - success
2026-04-24 12:12:12,978 - INFO - USER_8353627615 - language_selected_ko - success
2026-04-24 12:12:12,978 - INFO - USER_8353627615 - language_selected_ko - success
2026-04-24 12:12:12,978 - INFO - USER_8353627615 - language_selected_ko - success
2026-04-24 12:12:12,978 - INFO - USER_8353627615 - language_selected_ko - success
2026-04-24 12:12:12,978 - INFO - USER_8353627615 - language_selected_ko - success
2026-04-24 12:12:12,978 - INFO - USER_8353627615 - language_selected_ko - success
2026-04-24 12:12:12,978 - INFO - USER_8353627615 - language_selected_ko - success
2026-04-24 12:12:12,978 - INFO - USER_8353627615 - language_selected_ko - success
2026-04-24 12:12:12,978 - INFO - USER_8353627615 - language_selected_ko - success
2026-04-24 12:12:12,978 - INFO - USER_8353627615 - language_selected_ko - success
2026-04-24 12:12:12,978 - INFO - USER_8353627615 - language_selected_ko - success
2026-04-24 12:12:12,978 - INFO - USER_8353627615 - language_selected_ko - success
2026-04-24 12:12:12,978 - INFO - USER_8353627615 - language_selected_ko - success
2026-04-24 12:12:12,978 - INFO - USER_8353627615 - language_selected_ko - success
2026-04-24 12:12:12,978 - INFO - USER_8353627615 - language_selected_ko - success
2026-04-24 12:19:26,161 - INFO - USER_7171330738 - admin_panel_opened - success
2026-04-24 12:19:26,161 - INFO - USER_7171330738 - admin_panel_opened - success
2026-04-24 12:19:26,161 - INFO - USER_7171330738 - admin_panel_opened - success
2026-04-24 12:19:26,161 - INFO - USER_7171330738 - admin_panel_opened - success
2026-04-24 12:19:26,161 - INFO - USER_7171330738 - admin_panel_opened - success
2026-04-24 12:19:26,161 - INFO - USER_7171330738 - admin_panel_opened - success
2026-04-24 12:19:26,161 - INFO - USER_7171330738 - admin_panel_opened - success
2026-04-24 12:19:26,161 - INFO - USER_7171330738 - admin_panel_opened - success
2026-04-24 12:19:26,161 - INFO - USER_7171330738 - admin_panel_opened - success
2026-04-24 12:19:26,161 - INFO - USER_7171330738 - admin_panel_opened - success
2026-04-24 12:19:26,161 - INFO - USER_7171330738 - admin_panel_opened - success
2026-04-24 12:19:26,161 - INFO - USER_7171330738 - admin_panel_opened - success
2026-04-24 12:19:26,161 - INFO - USER_7171330738 - admin_panel_opened - success
2026-04-24 12:19:26,161 - INFO - USER_7171330738 - admin_panel_opened - success
2026-04-24 12:19:26,161 - INFO - USER_7171330738 - admin_panel_opened - success
2026-04-24 12:19:26,161 - INFO - USER_7171330738 - admin_panel_opened - success
2026-04-24 12:19:26,161 - INFO - USER_7171330738 - admin_panel_opened - success
2026-04-24 12:19:26,161 - INFO - USER_7171330738 - admin_panel_opened - success
2026-04-24 12:19:26,161 - INFO - USER_7171330738 - admin_panel_opened - success
2026-04-24 12:19:26,161 - INFO - USER_7171330738 - admin_panel_opened - success
2026-04-24 12:19:26,161 - INFO - USER_7171330738 - admin_panel_opened - success
2026-04-24 12:19:26,161 - INFO - USER_7171330738 - admin_panel_opened - success
2026-04-24 12:19:26,161 - INFO - USER_7171330738 - admin_panel_opened - success
2026-04-24 12:19:26,161 - INFO - USER_7171330738 - admin_panel_opened - success
2026-04-24 12:19:26,161 - INFO - USER_7171330738 - admin_panel_opened - success
2026-04-24 12:19:26,161 - INFO - USER_7171330738 - admin_panel_opened - success
2026-04-24 12:19:26,161 - INFO - USER_7171330738 - admin_panel_opened - success
2026-04-24 12:19:26,161 - INFO - USER_7171330738 - admin_panel_opened - success
2026-04-24 12:19:26,161 - INFO - USER_7171330738 - admin_panel_opened - success
2026-04-24 12:19:26,161 - INFO - USER_7171330738 - admin_panel_opened - success
2026-04-24 12:19:26,161 - INFO - USER_7171330738 - admin_panel_opened - success
2026-04-24 12:19:26,161 - INFO - USER_7171330738 - admin_panel_opened - success
2026-04-24 12:19:26,161 - INFO - USER_7171330738 - admin_panel_opened - success
2026-04-24 12:19:26,161 - INFO - USER_7171330738 - admin_panel_opened - success
2026-04-24 12:19:26,161 - INFO - USER_7171330738 - admin_panel_opened - success
2026-04-24 12:19:26,161 - INFO - USER_7171330738 - admin_panel_opened - success
2026-04-24 12:19:53,739 - INFO - Translation successful: uz -> ar
2026-04-24 12:19:53,739 - INFO - Translation successful: uz -> ar
2026-04-24 12:19:53,739 - INFO - Translation successful: uz -> ar
2026-04-24 12:19:53,739 - INFO - Translation successful: uz -> ar
2026-04-24 12:19:53,739 - INFO - Translation successful: uz -> ar
2026-04-24 12:19:53,739 - INFO - Translation successful: uz -> ar
2026-04-24 12:19:53,739 - INFO - Translation successful: uz -> ar
2026-04-24 12:19:53,739 - INFO - Translation successful: uz -> ar
2026-04-24 12:19:53,739 - INFO - Translation successful: uz -> ar
2026-04-24 12:19:53,739 - INFO - Translation successful: uz -> ar
2026-04-24 12:19:53,739 - INFO - Translation successful: uz -> ar
2026-04-24 12:19:53,739 - INFO - Translation successful: uz -> ar
2026-04-24 12:19:53,739 - INFO - Translation successful: uz -> ar
2026-04-24 12:19:53,739 - INFO - Translation successful: uz -> ar
2026-04-24 12:19:53,739 - INFO - Translation successful: uz -> ar
2026-04-24 12:19:53,739 - INFO - Translation successful: uz -> ar
2026-04-24 12:19:53,739 - INFO - Translation successful: uz -> ar
2026-04-24 12:19:53,739 - INFO - Translation successful: uz -> ar
2026-04-24 12:19:53,739 - INFO - Translation successful: uz -> ar
2026-04-24 12:19:53,739 - INFO - Translation successful: uz -> ar
2026-04-24 12:19:53,739 - INFO - Translation successful: uz -> ar
2026-04-24 12:19:53,739 - INFO - Translation successful: uz -> ar
2026-04-24 12:19:53,739 - INFO - Translation successful: uz -> ar
2026-04-24 12:19:53,739 - INFO - Translation successful: uz -> ar
2026-04-24 12:19:53,739 - INFO - Translation successful: uz -> ar
2026-04-24 12:19:53,739 - INFO - Translation successful: uz -> ar
2026-04-24 12:19:53,739 - INFO - Translation successful: uz -> ar
2026-04-24 12:19:53,739 - INFO - Translation successful: uz -> ar
2026-04-24 12:19:53,739 - INFO - Translation successful: uz -> ar
2026-04-24 12:19:53,739 - INFO - Translation successful: uz -> ar
2026-04-24 12:19:53,739 - INFO - Translation successful: uz -> ar
2026-04-24 12:19:53,739 - INFO - Translation successful: uz -> ar
2026-04-24 12:19:53,739 - INFO - Translation successful: uz -> ar
2026-04-24 12:19:53,739 - INFO - Translation successful: uz -> ar
2026-04-24 12:19:53,739 - INFO - Translation successful: uz -> ar
2026-04-24 12:19:53,739 - INFO - Translation successful: uz -> ar
2026-04-24 12:19:53,739 - INFO - Translation successful: uz -> ar
2026-04-24 12:19:53,739 - INFO - Translation successful: uz -> ar
2026-04-24 12:19:53,739 - INFO - Translation successful: uz -> ar
2026-04-24 12:19:53,739 - INFO - Translation successful: uz -> ar
2026-04-24 12:19:53,739 - INFO - Translation successful: uz -> ar
2026-04-24 12:19:53,798 - INFO - USER_7171330738 - translation_success_ar - success
2026-04-24 12:19:53,798 - INFO - USER_7171330738 - translation_success_ar - success
2026-04-24 12:19:53,798 - INFO - USER_7171330738 - translation_success_ar - success
2026-04-24 12:19:53,798 - INFO - USER_7171330738 - translation_success_ar - success
2026-04-24 12:19:53,798 - INFO - USER_7171330738 - translation_success_ar - success
2026-04-24 12:19:53,798 - INFO - USER_7171330738 - translation_success_ar - success
2026-04-24 12:19:53,798 - INFO - USER_7171330738 - translation_success_ar - success
2026-04-24 12:19:53,798 - INFO - USER_7171330738 - translation_success_ar - success
2026-04-24 12:19:53,798 - INFO - USER_7171330738 - translation_success_ar - success
2026-04-24 12:19:53,798 - INFO - USER_7171330738 - translation_success_ar - success
2026-04-24 12:19:53,798 - INFO - USER_7171330738 - translation_success_ar - success
2026-04-24 12:19:53,798 - INFO - USER_7171330738 - translation_success_ar - success
2026-04-24 12:19:53,798 - INFO - USER_7171330738 - translation_success_ar - success
2026-04-24 12:19:53,798 - INFO - USER_7171330738 - translation_success_ar - success
2026-04-24 12:19:53,798 - INFO - USER_7171330738 - translation_success_ar - success
2026-04-24 12:19:53,798 - INFO - USER_7171330738 - translation_success_ar - success
2026-04-24 12:19:53,798 - INFO - USER_7171330738 - translation_success_ar - success
2026-04-24 12:19:53,798 - INFO - USER_7171330738 - translation_success_ar - success
2026-04-24 12:19:53,798 - INFO - USER_7171330738 - translation_success_ar - success
2026-04-24 12:19:53,798 - INFO - USER_7171330738 - translation_success_ar - success
2026-04-24 12:19:53,798 - INFO - USER_7171330738 - translation_success_ar - success
2026-04-24 12:19:53,798 - INFO - USER_7171330738 - translation_success_ar - success
2026-04-24 12:19:53,798 - INFO - USER_7171330738 - translation_success_ar - success
2026-04-24 12:19:53,798 - INFO - USER_7171330738 - translation_success_ar - success
2026-04-24 12:19:53,798 - INFO - USER_7171330738 - translation_success_ar - success
2026-04-24 12:19:53,798 - INFO - USER_7171330738 - translation_success_ar - success
2026-04-24 12:19:53,798 - INFO - USER_7171330738 - translation_success_ar - success
2026-04-24 12:19:53,798 - INFO - USER_7171330738 - translation_success_ar - success
2026-04-24 12:19:53,798 - INFO - USER_7171330738 - translation_success_ar - success
2026-04-24 12:19:53,798 - INFO - USER_7171330738 - translation_success_ar - success
2026-04-24 12:19:53,798 - INFO - USER_7171330738 - translation_success_ar - success
2026-04-24 12:19:53,798 - INFO - USER_7171330738 - translation_success_ar - success
2026-04-24 12:19:53,798 - INFO - USER_7171330738 - translation_success_ar - success
2026-04-24 12:19:53,798 - INFO - USER_7171330738 - translation_success_ar - success
2026-04-24 12:19:53,798 - INFO - USER_7171330738 - translation_success_ar - success
2026-04-24 12:19:53,798 - INFO - USER_7171330738 - translation_success_ar - success
2026-04-24 12:19:53,798 - INFO - USER_7171330738 - translation_success_ar - success
2026-04-24 12:19:53,798 - INFO - USER_7171330738 - translation_success_ar - success
2026-04-24 12:19:53,798 - INFO - USER_7171330738 - translation_success_ar - success
2026-04-24 12:19:53,798 - INFO - USER_7171330738 - translation_success_ar - success
2026-04-24 12:19:53,798 - INFO - USER_7171330738 - translation_success_ar - success
2026-04-24 12:20:07,406 - INFO - USER_7171330738 - language_selected_en - success
2026-04-24 12:20:07,406 - INFO - USER_7171330738 - language_selected_en - success
2026-04-24 12:20:07,406 - INFO - USER_7171330738 - language_selected_en - success
2026-04-24 12:20:07,406 - INFO - USER_7171330738 - language_selected_en - success
2026-04-24 12:20:07,406 - INFO - USER_7171330738 - language_selected_en - success
2026-04-24 12:20:07,406 - INFO - USER_7171330738 - language_selected_en - success
2026-04-24 12:20:07,406 - INFO - USER_7171330738 - language_selected_en - success
2026-04-24 12:20:07,406 - INFO - USER_7171330738 - language_selected_en - success
2026-04-24 12:20:07,406 - INFO - USER_7171330738 - language_selected_en - success
2026-04-24 12:20:07,406 - INFO - USER_7171330738 - language_selected_en - success
2026-04-24 12:20:07,406 - INFO - USER_7171330738 - language_selected_en - success
2026-04-24 12:20:07,406 - INFO - USER_7171330738 - language_selected_en - success
2026-04-24 12:20:07,406 - INFO - USER_7171330738 - language_selected_en - success
2026-04-24 12:20:07,406 - INFO - USER_7171330738 - language_selected_en - success
2026-04-24 12:20:07,406 - INFO - USER_7171330738 - language_selected_en - success
2026-04-24 12:20:07,406 - INFO - USER_7171330738 - language_selected_en - success
2026-04-24 12:20:07,406 - INFO - USER_7171330738 - language_selected_en - success
2026-04-24 12:20:07,406 - INFO - USER_7171330738 - language_selected_en - success
2026-04-24 12:20:07,406 - INFO - USER_7171330738 - language_selected_en - success
2026-04-24 12:20:07,406 - INFO - USER_7171330738 - language_selected_en - success
2026-04-24 12:20:07,406 - INFO - USER_7171330738 - language_selected_en - success
2026-04-24 12:20:07,406 - INFO - USER_7171330738 - language_selected_en - success
2026-04-24 12:20:07,406 - INFO - USER_7171330738 - language_selected_en - success
2026-04-24 12:20:07,406 - INFO - USER_7171330738 - language_selected_en - success
2026-04-24 12:20:07,406 - INFO - USER_7171330738 - language_selected_en - success
2026-04-24 12:20:07,406 - INFO - USER_7171330738 - language_selected_en - success
2026-04-24 12:20:07,406 - INFO - USER_7171330738 - language_selected_en - success
2026-04-24 12:20:07,406 - INFO - USER_7171330738 - language_selected_en - success
2026-04-24 12:20:07,406 - INFO - USER_7171330738 - language_selected_en - success
2026-04-24 12:20:07,406 - INFO - USER_7171330738 - language_selected_en - success
2026-04-24 12:20:07,406 - INFO - USER_7171330738 - language_selected_en - success
2026-04-24 12:20:07,406 - INFO - USER_7171330738 - language_selected_en - success
2026-04-24 12:20:07,406 - INFO - USER_7171330738 - language_selected_en - success
2026-04-24 12:20:07,406 - INFO - USER_7171330738 - language_selected_en - success
2026-04-24 12:20:07,406 - INFO - USER_7171330738 - language_selected_en - success
2026-04-24 12:20:07,406 - INFO - USER_7171330738 - language_selected_en - success
2026-04-24 12:20:07,406 - INFO - USER_7171330738 - language_selected_en - success
2026-04-24 12:20:07,406 - INFO - USER_7171330738 - language_selected_en - success
2026-04-24 12:20:07,406 - INFO - USER_7171330738 - language_selected_en - success
2026-04-24 12:20:07,406 - INFO - USER_7171330738 - language_selected_en - success
2026-04-24 12:20:07,406 - INFO - USER_7171330738 - language_selected_en - success
2026-04-24 12:20:07,406 - INFO - USER_7171330738 - language_selected_en - success
2026-04-24 12:20:07,406 - INFO - USER_7171330738 - language_selected_en - success
2026-04-24 12:20:07,406 - INFO - USER_7171330738 - language_selected_en - success
2026-04-24 12:20:29,565 - INFO - Translation successful: uz -> en
2026-04-24 12:20:29,565 - INFO - Translation successful: uz -> en
2026-04-24 12:20:29,565 - INFO - Translation successful: uz -> en
2026-04-24 12:20:29,565 - INFO - Translation successful: uz -> en
2026-04-24 12:20:29,565 - INFO - Translation successful: uz -> en
2026-04-24 12:20:29,565 - INFO - Translation successful: uz -> en
2026-04-24 12:20:29,565 - INFO - Translation successful: uz -> en
2026-04-24 12:20:29,565 - INFO - Translation successful: uz -> en
2026-04-24 12:20:29,565 - INFO - Translation successful: uz -> en
2026-04-24 12:20:29,565 - INFO - Translation successful: uz -> en
2026-04-24 12:20:29,565 - INFO - Translation successful: uz -> en
2026-04-24 12:20:29,565 - INFO - Translation successful: uz -> en
2026-04-24 12:20:29,565 - INFO - Translation successful: uz -> en
2026-04-24 12:20:29,565 - INFO - Translation successful: uz -> en
2026-04-24 12:20:29,565 - INFO - Translation successful: uz -> en
2026-04-24 12:20:29,565 - INFO - Translation successful: uz -> en
2026-04-24 12:20:29,565 - INFO - Translation successful: uz -> en
2026-04-24 12:20:29,565 - INFO - Translation successful: uz -> en
2026-04-24 12:20:29,565 - INFO - Translation successful: uz -> en
2026-04-24 12:20:29,565 - INFO - Translation successful: uz -> en
2026-04-24 12:20:29,565 - INFO - Translation successful: uz -> en
2026-04-24 12:20:29,565 - INFO - Translation successful: uz -> en
2026-04-24 12:20:29,565 - INFO - Translation successful: uz -> en
2026-04-24 12:20:29,565 - INFO - Translation successful: uz -> en
2026-04-24 12:20:29,565 - INFO - Translation successful: uz -> en
2026-04-24 12:20:29,565 - INFO - Translation successful: uz -> en
2026-04-24 12:20:29,565 - INFO - Translation successful: uz -> en
2026-04-24 12:20:29,565 - INFO - Translation successful: uz -> en
2026-04-24 12:20:29,565 - INFO - Translation successful: uz -> en
2026-04-24 12:20:29,565 - INFO - Translation successful: uz -> en
2026-04-24 12:20:29,565 - INFO - Translation successful: uz -> en
2026-04-24 12:20:29,565 - INFO - Translation successful: uz -> en
2026-04-24 12:20:29,565 - INFO - Translation successful: uz -> en
2026-04-24 12:20:29,565 - INFO - Translation successful: uz -> en
2026-04-24 12:20:29,565 - INFO - Translation successful: uz -> en
2026-04-24 12:20:29,565 - INFO - Translation successful: uz -> en
2026-04-24 12:20:29,565 - INFO - Translation successful: uz -> en
2026-04-24 12:20:29,565 - INFO - Translation successful: uz -> en
2026-04-24 12:20:29,565 - INFO - Translation successful: uz -> en
2026-04-24 12:20:29,565 - INFO - Translation successful: uz -> en
2026-04-24 12:20:29,565 - INFO - Translation successful: uz -> en
2026-04-24 12:20:29,565 - INFO - Translation successful: uz -> en
2026-04-24 12:20:29,565 - INFO - Translation successful: uz -> en
2026-04-24 12:20:29,565 - INFO - Translation successful: uz -> en
2026-04-24 12:20:29,565 - INFO - Translation successful: uz -> en
2026-04-24 12:20:29,565 - INFO - Translation successful: uz -> en
2026-04-24 12:20:29,629 - INFO - USER_7171330738 - translation_success_en - success
2026-04-24 12:20:29,629 - INFO - USER_7171330738 - translation_success_en - success
2026-04-24 12:20:29,629 - INFO - USER_7171330738 - translation_success_en - success
2026-04-24 12:20:29,629 - INFO - USER_7171330738 - translation_success_en - success
2026-04-24 12:20:29,629 - INFO - USER_7171330738 - translation_success_en - success
2026-04-24 12:20:29,629 - INFO - USER_7171330738 - translation_success_en - success
2026-04-24 12:20:29,629 - INFO - USER_7171330738 - translation_success_en - success
2026-04-24 12:20:29,629 - INFO - USER_7171330738 - translation_success_en - success
2026-04-24 12:20:29,629 - INFO - USER_7171330738 - translation_success_en - success
2026-04-24 12:20:29,629 - INFO - USER_7171330738 - translation_success_en - success
2026-04-24 12:20:29,629 - INFO - USER_7171330738 - translation_success_en - success
2026-04-24 12:20:29,629 - INFO - USER_7171330738 - translation_success_en - success
2026-04-24 12:20:29,629 - INFO - USER_7171330738 - translation_success_en - success
2026-04-24 12:20:29,629 - INFO - USER_7171330738 - translation_success_en - success
2026-04-24 12:20:29,629 - INFO - USER_7171330738 - translation_success_en - success
2026-04-24 12:20:29,629 - INFO - USER_7171330738 - translation_success_en - success
2026-04-24 12:20:29,629 - INFO - USER_7171330738 - translation_success_en - success
2026-04-24 12:20:29,629 - INFO - USER_7171330738 - translation_success_en - success
2026-04-24 12:20:29,629 - INFO - USER_7171330738 - translation_success_en - success
2026-04-24 12:20:29,629 - INFO - USER_7171330738 - translation_success_en - success
2026-04-24 12:20:29,629 - INFO - USER_7171330738 - translation_success_en - success
2026-04-24 12:20:29,629 - INFO - USER_7171330738 - translation_success_en - success
2026-04-24 12:20:29,629 - INFO - USER_7171330738 - translation_success_en - success
2026-04-24 12:20:29,629 - INFO - USER_7171330738 - translation_success_en - success
2026-04-24 12:20:29,629 - INFO - USER_7171330738 - translation_success_en - success
2026-04-24 12:20:29,629 - INFO - USER_7171330738 - translation_success_en - success
2026-04-24 12:20:29,629 - INFO - USER_7171330738 - translation_success_en - success
2026-04-24 12:20:29,629 - INFO - USER_7171330738 - translation_success_en - success
2026-04-24 12:20:29,629 - INFO - USER_7171330738 - translation_success_en - success
2026-04-24 12:20:29,629 - INFO - USER_7171330738 - translation_success_en - success
2026-04-24 12:20:29,629 - INFO - USER_7171330738 - translation_success_en - success
2026-04-24 12:20:29,629 - INFO - USER_7171330738 - translation_success_en - success
2026-04-24 12:20:29,629 - INFO - USER_7171330738 - translation_success_en - success
2026-04-24 12:20:29,629 - INFO - USER_7171330738 - translation_success_en - success
2026-04-24 12:20:29,629 - INFO - USER_7171330738 - translation_success_en - success
2026-04-24 12:20:29,629 - INFO - USER_7171330738 - translation_success_en - success
2026-04-24 12:20:29,629 - INFO - USER_7171330738 - translation_success_en - success
2026-04-24 12:20:29,629 - INFO - USER_7171330738 - translation_success_en - success
2026-04-24 12:20:29,629 - INFO - USER_7171330738 - translation_success_en - success
2026-04-24 12:20:29,629 - INFO - USER_7171330738 - translation_success_en - success
2026-04-24 12:20:29,629 - INFO - USER_7171330738 - translation_success_en - success
2026-04-24 12:20:29,629 - INFO - USER_7171330738 - translation_success_en - success
2026-04-24 12:20:29,629 - INFO - USER_7171330738 - translation_success_en - success
2026-04-24 12:20:29,629 - INFO - USER_7171330738 - translation_success_en - success
2026-04-24 12:20:29,629 - INFO - USER_7171330738 - translation_success_en - success
2026-04-24 12:20:29,629 - INFO - USER_7171330738 - translation_success_en - success
2026-04-24 12:20:59,262 - INFO - Translation successful: uz -> en
2026-04-24 12:20:59,262 - INFO - Translation successful: uz -> en
2026-04-24 12:20:59,262 - INFO - Translation successful: uz -> en
2026-04-24 12:20:59,262 - INFO - Translation successful: uz -> en
2026-04-24 12:20:59,262 - INFO - Translation successful: uz -> en
2026-04-24 12:20:59,262 - INFO - Translation successful: uz -> en
2026-04-24 12:20:59,262 - INFO - Translation successful: uz -> en
2026-04-24 12:20:59,262 - INFO - Translation successful: uz -> en
2026-04-24 12:20:59,262 - INFO - Translation successful: uz -> en
2026-04-24 12:20:59,262 - INFO - Translation successful: uz -> en
2026-04-24 12:20:59,262 - INFO - Translation successful: uz -> en
2026-04-24 12:20:59,262 - INFO - Translation successful: uz -> en
2026-04-24 12:20:59,262 - INFO - Translation successful: uz -> en
2026-04-24 12:20:59,262 - INFO - Translation successful: uz -> en
2026-04-24 12:20:59,262 - INFO - Translation successful: uz -> en
2026-04-24 12:20:59,262 - INFO - Translation successful: uz -> en
2026-04-24 12:20:59,262 - INFO - Translation successful: uz -> en
2026-04-24 12:20:59,262 - INFO - Translation successful: uz -> en
2026-04-24 12:20:59,262 - INFO - Translation successful: uz -> en
2026-04-24 12:20:59,262 - INFO - Translation successful: uz -> en
2026-04-24 12:20:59,262 - INFO - Translation successful: uz -> en
2026-04-24 12:20:59,262 - INFO - Translation successful: uz -> en
2026-04-24 12:20:59,262 - INFO - Translation successful: uz -> en
2026-04-24 12:20:59,262 - INFO - Translation successful: uz -> en
2026-04-24 12:20:59,262 - INFO - Translation successful: uz -> en
2026-04-24 12:20:59,262 - INFO - Translation successful: uz -> en
2026-04-24 12:20:59,262 - INFO - Translation successful: uz -> en
2026-04-24 12:20:59,262 - INFO - Translation successful: uz -> en
2026-04-24 12:20:59,262 - INFO - Translation successful: uz -> en
2026-04-24 12:20:59,262 - INFO - Translation successful: uz -> en
2026-04-24 12:20:59,262 - INFO - Translation successful: uz -> en
2026-04-24 12:20:59,262 - INFO - Translation successful: uz -> en
2026-04-24 12:20:59,262 - INFO - Translation successful: uz -> en
2026-04-24 12:20:59,262 - INFO - Translation successful: uz -> en
2026-04-24 12:20:59,262 - INFO - Translation successful: uz -> en
2026-04-24 12:20:59,262 - INFO - Translation successful: uz -> en
2026-04-24 12:20:59,262 - INFO - Translation successful: uz -> en
2026-04-24 12:20:59,262 - INFO - Translation successful: uz -> en
2026-04-24 12:20:59,262 - INFO - Translation successful: uz -> en
2026-04-24 12:20:59,262 - INFO - Translation successful: uz -> en
2026-04-24 12:20:59,262 - INFO - Translation successful: uz -> en
2026-04-24 12:20:59,262 - INFO - Translation successful: uz -> en
2026-04-24 12:20:59,262 - INFO - Translation successful: uz -> en
2026-04-24 12:20:59,262 - INFO - Translation successful: uz -> en
2026-04-24 12:20:59,262 - INFO - Translation successful: uz -> en
2026-04-24 12:20:59,262 - INFO - Translation successful: uz -> en
2026-04-24 12:20:59,262 - INFO - Translation successful: uz -> en
2026-04-24 12:20:59,262 - INFO - Translation successful: uz -> en
2026-04-24 12:20:59,317 - INFO - USER_7171330738 - translation_success_en - success
2026-04-24 12:20:59,317 - INFO - USER_7171330738 - translation_success_en - success
2026-04-24 12:20:59,317 - INFO - USER_7171330738 - translation_success_en - success
2026-04-24 12:20:59,317 - INFO - USER_7171330738 - translation_success_en - success
2026-04-24 12:20:59,317 - INFO - USER_7171330738 - translation_success_en - success
2026-04-24 12:20:59,317 - INFO - USER_7171330738 - translation_success_en - success
2026-04-24 12:20:59,317 - INFO - USER_7171330738 - translation_success_en - success
2026-04-24 12:20:59,317 - INFO - USER_7171330738 - translation_success_en - success
2026-04-24 12:20:59,317 - INFO - USER_7171330738 - translation_success_en - success
2026-04-24 12:20:59,317 - INFO - USER_7171330738 - translation_success_en - success
2026-04-24 12:20:59,317 - INFO - USER_7171330738 - translation_success_en - success
2026-04-24 12:20:59,317 - INFO - USER_7171330738 - translation_success_en - success
2026-04-24 12:20:59,317 - INFO - USER_7171330738 - translation_success_en - success
2026-04-24 12:20:59,317 - INFO - USER_7171330738 - translation_success_en - success
2026-04-24 12:20:59,317 - INFO - USER_7171330738 - translation_success_en - success
2026-04-24 12:20:59,317 - INFO - USER_7171330738 - translation_success_en - success
2026-04-24 12:20:59,317 - INFO - USER_7171330738 - translation_success_en - success
2026-04-24 12:20:59,317 - INFO - USER_7171330738 - translation_success_en - success
2026-04-24 12:20:59,317 - INFO - USER_7171330738 - translation_success_en - success
2026-04-24 12:20:59,317 - INFO - USER_7171330738 - translation_success_en - success
2026-04-24 12:20:59,317 - INFO - USER_7171330738 - translation_success_en - success
2026-04-24 12:20:59,317 - INFO - USER_7171330738 - translation_success_en - success
2026-04-24 12:20:59,317 - INFO - USER_7171330738 - translation_success_en - success
2026-04-24 12:20:59,317 - INFO - USER_7171330738 - translation_success_en - success
2026-04-24 12:20:59,317 - INFO - USER_7171330738 - translation_success_en - success
2026-04-24 12:20:59,317 - INFO - USER_7171330738 - translation_success_en - success
2026-04-24 12:20:59,317 - INFO - USER_7171330738 - translation_success_en - success
2026-04-24 12:20:59,317 - INFO - USER_7171330738 - translation_success_en - success
2026-04-24 12:20:59,317 - INFO - USER_7171330738 - translation_success_en - success
2026-04-24 12:20:59,317 - INFO - USER_7171330738 - translation_success_en - success
2026-04-24 12:20:59,317 - INFO - USER_7171330738 - translation_success_en - success
2026-04-24 12:20:59,317 - INFO - USER_7171330738 - translation_success_en - success
2026-04-24 12:20:59,317 - INFO - USER_7171330738 - translation_success_en - success
2026-04-24 12:20:59,317 - INFO - USER_7171330738 - translation_success_en - success
2026-04-24 12:20:59,317 - INFO - USER_7171330738 - translation_success_en - success
2026-04-24 12:20:59,317 - INFO - USER_7171330738 - translation_success_en - success
2026-04-24 12:20:59,317 - INFO - USER_7171330738 - translation_success_en - success
2026-04-24 12:20:59,317 - INFO - USER_7171330738 - translation_success_en - success
2026-04-24 12:20:59,317 - INFO - USER_7171330738 - translation_success_en - success
2026-04-24 12:20:59,317 - INFO - USER_7171330738 - translation_success_en - success
2026-04-24 12:20:59,317 - INFO - USER_7171330738 - translation_success_en - success
2026-04-24 12:20:59,317 - INFO - USER_7171330738 - translation_success_en - success
2026-04-24 12:20:59,317 - INFO - USER_7171330738 - translation_success_en - success
2026-04-24 12:20:59,317 - INFO - USER_7171330738 - translation_success_en - success
2026-04-24 12:20:59,317 - INFO - USER_7171330738 - translation_success_en - success
2026-04-24 12:20:59,317 - INFO - USER_7171330738 - translation_success_en - success
2026-04-24 12:20:59,317 - INFO - USER_7171330738 - translation_success_en - success
2026-04-24 12:20:59,317 - INFO - USER_7171330738 - translation_success_en - success
2026-04-24 12:29:14,367 - INFO - Bot starting up with webhook
2026-04-24 12:29:15,373 - INFO - Webhook set to: https://your-domain.com/webhook
2026-04-24 12:29:59,706 - INFO - Bot shutting down
2026-04-24 12:30:17,949 - INFO - Bot starting up with webhook
2026-04-24 12:30:18,962 - INFO - Webhook set to: https://your-domain.com/webhook
2026-04-24 20:24:05,291 - INFO - Bot starting up with webhook
2026-04-24 20:24:06,060 - INFO - Webhook set to: https://your-domain.com/webhook
2026-04-24 20:37:12,970 - INFO - Bot shutting down
2026-04-24 20:37:34,732 - INFO - Bot starting up with webhook
2026-04-24 20:37:35,498 - INFO - Webhook set to: https://your-domain.com/webhook
2026-04-24 23:02:05,043 - INFO - Bot shutting down
2026-04-24 23:09:24,441 - INFO - Bot starting up with webhook
2026-04-24 23:09:25,259 - INFO - Webhook set to: https://your-domain.com/webhook
2026-04-24 23:27:24,707 - INFO - Bot shutting down
2026-04-24 23:59:47,850 - INFO - Starting Telegram webhook bot
2026-04-25 00:03:15,418 - INFO - Starting Telegram webhook bot
2026-04-25 00:03:16,331 - INFO - Webhook set to: https://your-domain.com/webhook
2026-04-25 00:11:09,186 - INFO - Shutting down Telegram webhook bot
2026-04-25 00:11:09,504 - INFO - Webhook deleted successfully
2026-04-25 00:11:09,782 - INFO - Bot session closed cleanly
2026-04-25 00:11:27,058 - INFO - Starting Telegram webhook bot
2026-04-25 00:11:27,998 - INFO - Webhook set to: https://your-domain.com/webhook
