2026-04-26 00:37:00 - tarjimon_bot - ERROR - User 7171330738: Voice generation error: 403, message='Invalid response status', url='wss://speech.platform.bing.com/consumer/speech/synthesize/readaloud/edge/v1?TrustedClientToken=6A5AA1D4EAFF4E9FB37E23D68491D6F4&Sec-MS-GEC=6B1B5E02F5CC15DBA43389BA5463CD2EDC6591DA81FB46CF72BDF49A3931D944&Sec-MS-GEC-Version=1-130.0.2849.68&ConnectionId=c1f3811d5e4d47b49a9a66b70476f0b6'
2026-04-26 00:37:00 - tarjimon_bot - ERROR - User 7171330738: Voice generation error: Voice file not generated
2026-04-26 00:37:50 - tarjimon_bot - ERROR - User 7171330738: Voice generation error: 403, message='Invalid response status', url='wss://speech.platform.bing.com/consumer/speech/synthesize/readaloud/edge/v1?TrustedClientToken=6A5AA1D4EAFF4E9FB37E23D68491D6F4&Sec-MS-GEC=6B1B5E02F5CC15DBA43389BA5463CD2EDC6591DA81FB46CF72BDF49A3931D944&Sec-MS-GEC-Version=1-130.0.2849.68&ConnectionId=18d933eba4684728bbbbce9837728a7c'
2026-04-26 00:37:50 - tarjimon_bot - ERROR - User 7171330738: Voice generation error: Voice file not generated
2026-04-26 00:41:34 - tarjimon_bot - ERROR - User 7171330738: Voice generation error: 403, message='Invalid response status', url='wss://speech.platform.bing.com/consumer/speech/synthesize/readaloud/edge/v1?TrustedClientToken=6A5AA1D4EAFF4E9FB37E23D68491D6F4&Sec-MS-GEC=27ECEF66FBFF05CD80E70E2B900E28E06ADC81724151D4B68D1A26719BF64C29&Sec-MS-GEC-Version=1-130.0.2849.68&ConnectionId=aaca9d723cda4a1fa8ccf1346052fd66'
2026-04-26 00:41:34 - tarjimon_bot - ERROR - User 7171330738: Voice generation error: Voice file not generated
2026-04-26 01:00:57 - tarjimon_bot - ERROR - User 7171330738: Voice generation error: 403, message='Invalid response status', url='wss://speech.platform.bing.com/consumer/speech/synthesize/readaloud/edge/v1?TrustedClientToken=6A5AA1D4EAFF4E9FB37E23D68491D6F4&Sec-MS-GEC=E663EAC64F5E5E60EB16A22D2CA8D2E6424ECB1D0F161334E4AC4138D0678CDA&Sec-MS-GEC-Version=1-130.0.2849.68&ConnectionId=0524cf3fd09e4b4993983813a06adc7c'
2026-04-26 01:00:57 - tarjimon_bot - ERROR - User 7171330738: Voice generation error: Voice file not generated
2026-04-26 01:11:59 - tarjimon_bot - ERROR - User 7171330738: Voice generation failed after trying all fallbacks. Last error: None
2026-04-26 01:11:59 - tarjimon_bot - ERROR - User 7171330738: Voice generation error: Voice file not generated
2026-04-26 12:18:27 - tarjimon_bot - ERROR - User 7171330738: Voice generation failed after trying all fallbacks. Last error: None
2026-04-26 12:18:27 - tarjimon_bot - ERROR - User 7171330738: Voice generation error: Voice file not generated
2026-04-26 12:19:10 - tarjimon_bot - ERROR - User 7171330738: Voice generation failed after trying all fallbacks. Last error: None
2026-04-26 12:19:10 - tarjimon_bot - ERROR - User 7171330738: Voice generation error: Voice file not generated
2026-04-26 12:31:43 - tarjimon_bot - ERROR - User 7171330738: Voice generation failed after trying all fallbacks. Last error: None
2026-04-26 12:31:43 - tarjimon_bot - ERROR - User 7171330738: Voice generation error: Voice file not generated
2026-04-26 12:43:18 - tarjimon_bot - ERROR - User 7171330738: Voice generation failed after trying all fallbacks. Last error: None
2026-04-26 12:43:18 - tarjimon_bot - ERROR - User 7171330738: Voice generation error: Voice file not generated
2026-04-26 12:45:45 - tarjimon_bot - ERROR - User 7171330738: Voice generation failed after trying all fallbacks. Last error: None
2026-04-26 12:45:45 - tarjimon_bot - ERROR - User 7171330738: Voice generation error: Voice file not generated
2026-04-26 12:52:14 - tarjimon_bot - ERROR - User 7171330738: Voice generation failed after trying all fallbacks. Last error: None
2026-04-26 12:52:14 - tarjimon_bot - ERROR - User 7171330738: Voice generation error: Voice file not generated
2026-04-26 12:56:44 - tarjimon_bot - ERROR - User 7171330738: Translation not found in cache: ee9930564d69579b1952e2a9ae10cbaa
2026-04-26 12:57:11 - tarjimon_bot - ERROR - User 7171330738: Voice generation failed after trying all fallbacks. Last error: None
2026-04-26 12:57:11 - tarjimon_bot - ERROR - User 7171330738: Voice generation error: Voice file not generated
2026-04-26 13:02:54 - tarjimon_bot - ERROR - User 7171330738: Voice generation failed after trying all fallbacks. Last error: None
2026-04-26 13:02:54 - tarjimon_bot - ERROR - User 7171330738: Voice generation error: Voice file not generated
2026-04-26 13:05:47 - tarjimon_bot - ERROR - Voice generation error: 403, message='Invalid response status', url='wss://speech.platform.bing.com/consumer/speech/synthesize/readaloud/edge/v1?TrustedClientToken=6A5AA1D4EAFF4E9FB37E23D68491D6F4&Sec-MS-GEC=BBDFB92AD99D7D5E093C8A195901DD8D48AE43961F12C950D8B57C0539E4FE0B&Sec-MS-GEC-Version=1-130.0.2849.68&ConnectionId=26f8a61516b541d791f329f3eab0a927'
2026-04-26 13:05:47 - tarjimon_bot - ERROR - User 7171330738: Voice generation error: 403, message='Invalid response status', url='wss://speech.platform.bing.com/consumer/speech/synthesize/readaloud/edge/v1?TrustedClientToken=6A5AA1D4EAFF4E9FB37E23D68491D6F4&Sec-MS-GEC=BBDFB92AD99D7D5E093C8A195901DD8D48AE43961F12C950D8B57C0539E4FE0B&Sec-MS-GEC-Version=1-130.0.2849.68&ConnectionId=26f8a61516b541d791f329f3eab0a927'
2026-04-26 13:41:56 - tarjimon_bot - ERROR - User 7171330738: Voice generation error: generate_voice() takes 2 positional arguments but 4 were given
2026-04-26 13:44:03 - tarjimon_bot - ERROR - User 7171330738: Voice generation error: generate_voice() takes 2 positional arguments but 4 were given
2026-04-26 14:05:06 - tarjimon_bot - ERROR - User 7171330738: Voice generation error: generate_voice() takes 2 positional arguments but 4 were given
2026-04-26 14:05:08 - tarjimon_bot - ERROR - User 7171330738: Voice generation error: generate_voice() takes 2 positional arguments but 4 were given
2026-04-26 14:16:01 - tarjimon_bot - ERROR - edge_tts error: 403, message='Invalid response status', url='wss://speech.platform.bing.com/consumer/speech/synthesize/readaloud/edge/v1?TrustedClientToken=6A5AA1D4EAFF4E9FB37E23D68491D6F4&Sec-MS-GEC=9F242DF8F0D06AA771660401E0E362EB81602D009838B4970C24E77FB4F292EC&Sec-MS-GEC-Version=1-130.0.2849.68&ConnectionId=828a4f845f64497aa2bf44292d0ca4ec'
2026-04-26 14:17:28 - tarjimon_bot - ERROR - edge_tts error: 403, message='Invalid response status', url='wss://speech.platform.bing.com/consumer/speech/synthesize/readaloud/edge/v1?TrustedClientToken=6A5AA1D4EAFF4E9FB37E23D68491D6F4&Sec-MS-GEC=9F242DF8F0D06AA771660401E0E362EB81602D009838B4970C24E77FB4F292EC&Sec-MS-GEC-Version=1-130.0.2849.68&ConnectionId=f4c8a42ba3e44e708639a29109c484ac'
2026-04-26 14:17:53 - tarjimon_bot - ERROR - edge_tts error: 403, message='Invalid response status', url='wss://speech.platform.bing.com/consumer/speech/synthesize/readaloud/edge/v1?TrustedClientToken=6A5AA1D4EAFF4E9FB37E23D68491D6F4&Sec-MS-GEC=9F242DF8F0D06AA771660401E0E362EB81602D009838B4970C24E77FB4F292EC&Sec-MS-GEC-Version=1-130.0.2849.68&ConnectionId=cc87475183584a5a86e0842a7064103d'
2026-04-26 14:18:17 - tarjimon_bot - ERROR - edge_tts error: 403, message='Invalid response status', url='wss://speech.platform.bing.com/consumer/speech/synthesize/readaloud/edge/v1?TrustedClientToken=6A5AA1D4EAFF4E9FB37E23D68491D6F4&Sec-MS-GEC=9F242DF8F0D06AA771660401E0E362EB81602D009838B4970C24E77FB4F292EC&Sec-MS-GEC-Version=1-130.0.2849.68&ConnectionId=68b3e01406ad494089191309e1280bcf'
2026-04-26 14:18:43 - tarjimon_bot - ERROR - edge_tts error: 403, message='Invalid response status', url='wss://speech.platform.bing.com/consumer/speech/synthesize/readaloud/edge/v1?TrustedClientToken=6A5AA1D4EAFF4E9FB37E23D68491D6F4&Sec-MS-GEC=9F242DF8F0D06AA771660401E0E362EB81602D009838B4970C24E77FB4F292EC&Sec-MS-GEC-Version=1-130.0.2849.68&ConnectionId=add1cd28692945ac9bd30d44e024869b'
2026-04-26 14:19:09 - tarjimon_bot - ERROR - edge_tts error: 403, message='Invalid response status', url='wss://speech.platform.bing.com/consumer/speech/synthesize/readaloud/edge/v1?TrustedClientToken=6A5AA1D4EAFF4E9FB37E23D68491D6F4&Sec-MS-GEC=9F242DF8F0D06AA771660401E0E362EB81602D009838B4970C24E77FB4F292EC&Sec-MS-GEC-Version=1-130.0.2849.68&ConnectionId=43b9b756916c4657a523dcdc45726408'
2026-04-26 14:19:29 - tarjimon_bot - ERROR - edge_tts error: 403, message='Invalid response status', url='wss://speech.platform.bing.com/consumer/speech/synthesize/readaloud/edge/v1?TrustedClientToken=6A5AA1D4EAFF4E9FB37E23D68491D6F4&Sec-MS-GEC=9F242DF8F0D06AA771660401E0E362EB81602D009838B4970C24E77FB4F292EC&Sec-MS-GEC-Version=1-130.0.2849.68&ConnectionId=a65374af67594d449c76ca57c872e89e'
2026-04-26 14:23:04 - tarjimon_bot - ERROR - edge_tts error: 403, message='Invalid response status', url='wss://speech.platform.bing.com/consumer/speech/synthesize/readaloud/edge/v1?TrustedClientToken=6A5AA1D4EAFF4E9FB37E23D68491D6F4&Sec-MS-GEC=57B87375B5A59AA6E151BE3485C0D88E60CBE0941313665D2CCDFD70CFA20675&Sec-MS-GEC-Version=1-130.0.2849.68&ConnectionId=16ce8d787f4348019ff3ace500711a0e'
2026-04-26 14:23:29 - tarjimon_bot - ERROR - edge_tts error: 403, message='Invalid response status', url='wss://speech.platform.bing.com/consumer/speech/synthesize/readaloud/edge/v1?TrustedClientToken=6A5AA1D4EAFF4E9FB37E23D68491D6F4&Sec-MS-GEC=57B87375B5A59AA6E151BE3485C0D88E60CBE0941313665D2CCDFD70CFA20675&Sec-MS-GEC-Version=1-130.0.2849.68&ConnectionId=a2b352bafc9249bcaf3c50a8cdd3afd8'
2026-04-26 14:35:08 - tarjimon_bot - ERROR - edge_tts error: 403, message='Invalid response status', url='wss://speech.platform.bing.com/consumer/speech/synthesize/readaloud/edge/v1?TrustedClientToken=6A5AA1D4EAFF4E9FB37E23D68491D6F4&Sec-MS-GEC=D18DB2F5BEB3E0B56D210A3FE947A4A42D6F7C692786408A71699B44FD5381E4&Sec-MS-GEC-Version=1-130.0.2849.68&ConnectionId=7def2e1a54134f1884c0e69f0ad57988'
2026-04-26 14:51:30 - tarjimon_bot - ERROR - User 7171330738: Translation not found in cache: 454d57d3d93aef8dbf6b378db555d48c
2026-04-26 14:51:46 - tarjimon_bot - ERROR - edge_tts error: 403, message='Invalid response status', url='wss://speech.platform.bing.com/consumer/speech/synthesize/readaloud/edge/v1?TrustedClientToken=6A5AA1D4EAFF4E9FB37E23D68491D6F4&Sec-MS-GEC=5E218F30ED721DEE30DA6A644B9F98E9568D1D49A75492FF0CA4AD7C0BDF1832&Sec-MS-GEC-Version=1-130.0.2849.68&ConnectionId=24f27bfed9ae43c688035d3809590e61'
2026-04-26 15:11:13 - tarjimon_bot - ERROR - edge_tts error: 403, message='Invalid response status', url='wss://speech.platform.bing.com/consumer/speech/synthesize/readaloud/edge/v1?TrustedClientToken=6A5AA1D4EAFF4E9FB37E23D68491D6F4&Sec-MS-GEC=D35842C287DF7DC233BB8D685334E2DF00EB5610D8A0E1E032E836E0BA411E42&Sec-MS-GEC-Version=1-130.0.2849.68&ConnectionId=41f241c6138f496988b1c18704781517'
2026-04-26 15:12:13 - tarjimon_bot - ERROR - edge_tts error: 403, message='Invalid response status', url='wss://speech.platform.bing.com/consumer/speech/synthesize/readaloud/edge/v1?TrustedClientToken=6A5AA1D4EAFF4E9FB37E23D68491D6F4&Sec-MS-GEC=D35842C287DF7DC233BB8D685334E2DF00EB5610D8A0E1E032E836E0BA411E42&Sec-MS-GEC-Version=1-130.0.2849.68&ConnectionId=491aaee7e4674d6ba805368d609f8eaf'
2026-04-26 15:27:03 - tarjimon_bot - ERROR - edge_tts error: 403, message='Invalid response status', url='wss://speech.platform.bing.com/consumer/speech/synthesize/readaloud/edge/v1?TrustedClientToken=6A5AA1D4EAFF4E9FB37E23D68491D6F4&Sec-MS-GEC=293858BD0E19C9D7CD73310D545B7166B7C51DCD70E6001E16923353E0AFA53F&Sec-MS-GEC-Version=1-130.0.2849.68&ConnectionId=0eade52efceb49e7b029991fdfa79568'
2026-04-26 15:28:46 - tarjimon_bot - ERROR - edge_tts error: 403, message='Invalid response status', url='wss://speech.platform.bing.com/consumer/speech/synthesize/readaloud/edge/v1?TrustedClientToken=6A5AA1D4EAFF4E9FB37E23D68491D6F4&Sec-MS-GEC=293858BD0E19C9D7CD73310D545B7166B7C51DCD70E6001E16923353E0AFA53F&Sec-MS-GEC-Version=1-130.0.2849.68&ConnectionId=021638237b8d4de6902afdb5da2e63b1'
2026-04-26 15:39:38 - tarjimon_bot - ERROR - User 8353627615: Language detection failed: you need to get an API_KEY for this to work. Get one for free here: https://detectlanguage.com/documentation
2026-04-26 15:39:46 - tarjimon_bot - ERROR - edge_tts error: 403, message='Invalid response status', url='wss://speech.platform.bing.com/consumer/speech/synthesize/readaloud/edge/v1?TrustedClientToken=6A5AA1D4EAFF4E9FB37E23D68491D6F4&Sec-MS-GEC=02622531289DA4976BDFC3DC58BA80F9111DE6787799CB63A76DD9F4FD03D333&Sec-MS-GEC-Version=1-130.0.2849.68&ConnectionId=ec0ee54f3c274b638e3cba391cb2cfb8'
2026-04-26 15:43:10 - tarjimon_bot - ERROR - User 8353627615: Language detection failed: you need to get an API_KEY for this to work. Get one for free here: https://detectlanguage.com/documentation
2026-04-26 15:43:24 - tarjimon_bot - ERROR - edge_tts error: 403, message='Invalid response status', url='wss://speech.platform.bing.com/consumer/speech/synthesize/readaloud/edge/v1?TrustedClientToken=6A5AA1D4EAFF4E9FB37E23D68491D6F4&Sec-MS-GEC=9994FE9C9FBCA9A637E89F2A2309717E422BCB2E0BE50E6DF26215DCA245349B&Sec-MS-GEC-Version=1-130.0.2849.68&ConnectionId=95c2b8784706459489220a0d8d284023'
2026-04-26 15:49:13 - tarjimon_bot - ERROR - User 6689271226: Language detection failed: you need to get an API_KEY for this to work. Get one for free here: https://detectlanguage.com/documentation
2026-04-26 15:49:21 - tarjimon_bot - ERROR - edge_tts error: 403, message='Invalid response status', url='wss://speech.platform.bing.com/consumer/speech/synthesize/readaloud/edge/v1?TrustedClientToken=6A5AA1D4EAFF4E9FB37E23D68491D6F4&Sec-MS-GEC=35EF4FFF28E5DFF0B22EAADB9D859874FE6EEF557E5A4576CE00E8309C393381&Sec-MS-GEC-Version=1-130.0.2849.68&ConnectionId=3c960879a57f4311ade177a6d0b8dcf5'
2026-04-26 15:59:25 - tarjimon_bot - ERROR - User 8353627615: Language detection failed: you need to get an API_KEY for this to work. Get one for free here: https://detectlanguage.com/documentation
2026-04-26 15:59:37 - tarjimon_bot - ERROR - User 8353627615: Language detection failed: you need to get an API_KEY for this to work. Get one for free here: https://detectlanguage.com/documentation
2026-04-26 15:59:46 - tarjimon_bot - ERROR - edge_tts error: 403, message='Invalid response status', url='wss://speech.platform.bing.com/consumer/speech/synthesize/readaloud/edge/v1?TrustedClientToken=6A5AA1D4EAFF4E9FB37E23D68491D6F4&Sec-MS-GEC=5232A5A689CD0EC8ECD9FE60F8481494BFDD874A547E52BCDDDBC58C14FBD386&Sec-MS-GEC-Version=1-130.0.2849.68&ConnectionId=4513af21e5734f4b9665e106955c8147'
2026-04-26 16:00:22 - tarjimon_bot - ERROR - User 8353627615: Language detection failed: you need to get an API_KEY for this to work. Get one for free here: https://detectlanguage.com/documentation
2026-04-26 16:20:29 - tarjimon_bot - ERROR - User 8353627615: Language detection failed: you need to get an API_KEY for this to work. Get one for free here: https://detectlanguage.com/documentation
2026-04-26 16:20:38 - tarjimon_bot - ERROR - edge_tts error: 403, message='Invalid response status', url='wss://speech.platform.bing.com/consumer/speech/synthesize/readaloud/edge/v1?TrustedClientToken=6A5AA1D4EAFF4E9FB37E23D68491D6F4&Sec-MS-GEC=EF5B7A96E7CFC17E89BEB00E023152B8C8F432D168672BD0C9F15E43FE6DB514&Sec-MS-GEC-Version=1-130.0.2849.68&ConnectionId=6b285753fbad4280bd7d7e792b27a796'
2026-04-26 16:27:30 - tarjimon_bot - ERROR - User 8353627615: Language detection failed: you need to get an API_KEY for this to work. Get one for free here: https://detectlanguage.com/documentation
2026-04-26 16:27:36 - tarjimon_bot - ERROR - edge_tts error: 403, message='Invalid response status', url='wss://speech.platform.bing.com/consumer/speech/synthesize/readaloud/edge/v1?TrustedClientToken=6A5AA1D4EAFF4E9FB37E23D68491D6F4&Sec-MS-GEC=DFF0F071306A68F5617859EA20767F081501C79F0FB0D4A7B46D83A5208622E5&Sec-MS-GEC-Version=1-130.0.2849.68&ConnectionId=6868b6b2cb32417b8fa51baa4e93c929'
2026-04-26 16:27:49 - tarjimon_bot - ERROR - User 8353627615: Language detection failed: you need to get an API_KEY for this to work. Get one for free here: https://detectlanguage.com/documentation
2026-04-26 16:28:06 - tarjimon_bot - ERROR - User 8353627615: Language detection failed: you need to get an API_KEY for this to work. Get one for free here: https://detectlanguage.com/documentation
2026-04-26 16:42:58 - tarjimon_bot - ERROR - User 8353627615: Language detection failed: you need to get an API_KEY for this to work. Get one for free here: https://detectlanguage.com/documentation
2026-04-26 16:51:31 - tarjimon_bot - ERROR - edge_tts error: 403, message='Invalid response status', url='wss://speech.platform.bing.com/consumer/speech/synthesize/readaloud/edge/v1?TrustedClientToken=6A5AA1D4EAFF4E9FB37E23D68491D6F4&Sec-MS-GEC=0E50F8D3F28B5D1875C1626D4533F10E6886B7B1132083270B563193F0F193ED&Sec-MS-GEC-Version=1-130.0.2849.68&ConnectionId=87127a20f84540b984acfcdeddb21c06'
2026-04-26 16:51:31 - tarjimon_bot - ERROR - gTTS fallback error: Language not supported: uz
2026-04-26 16:51:31 - tarjimon_bot - ERROR - Voice generation failed: file not created or empty
2026-04-26 16:51:31 - tarjimon_bot - ERROR - User 8353627615: Voice generation error: Voice file not generated
2026-04-26 16:52:25 - tarjimon_bot - ERROR - edge_tts error: 403, message='Invalid response status', url='wss://speech.platform.bing.com/consumer/speech/synthesize/readaloud/edge/v1?TrustedClientToken=6A5AA1D4EAFF4E9FB37E23D68491D6F4&Sec-MS-GEC=0E50F8D3F28B5D1875C1626D4533F10E6886B7B1132083270B563193F0F193ED&Sec-MS-GEC-Version=1-130.0.2849.68&ConnectionId=9b00e7179ea44202839e281201b72ed2'
2026-04-26 16:52:25 - tarjimon_bot - ERROR - gTTS fallback error: Language not supported: uz
2026-04-26 16:52:25 - tarjimon_bot - ERROR - Voice generation failed: file not created or empty
2026-04-26 16:52:25 - tarjimon_bot - ERROR - User 8353627615: Voice generation error: Voice file not generated
2026-04-26 17:01:27 - tarjimon_bot - ERROR - edge_tts error: 403, message='Invalid response status', url='wss://speech.platform.bing.com/consumer/speech/synthesize/readaloud/edge/v1?TrustedClientToken=6A5AA1D4EAFF4E9FB37E23D68491D6F4&Sec-MS-GEC=1065C2BE3A592D115046606470A22359EE57815AA30BF71DA77B50E87F6E59EC&Sec-MS-GEC-Version=1-130.0.2849.68&ConnectionId=2bfcdb7407104e59b319f74e6d4cf418'
2026-04-26 17:06:10 - tarjimon_bot - ERROR - edge_tts error: edge-tts generation failed: 403, message='Invalid response status', url='wss://speech.platform.bing.com/consumer/speech/synthesize/readaloud/edge/v1?TrustedClientToken=6A5AA1D4EAFF4E9FB37E23D68491D6F4&Sec-MS-GEC=AC521120634CEDF6CEF2B3F953FB73D0DDEE6DAC3BD4006F21179F8B9FE11AFB&Sec-MS-GEC-Version=1-130.0.2849.68&ConnectionId=aebe52b48f6d43a68b169826e79fee5d'
2026-04-26 17:06:10 - tarjimon_bot - ERROR - gTTS not available for uz, cannot fallback
2026-04-26 17:06:10 - tarjimon_bot - ERROR - Voice generation failed for uz: edge-tts generation failed: 403, message='Invalid response status', url='wss://speech.platform.bing.com/consumer/speech/synthesize/readaloud/edge/v1?TrustedClientToken=6A5AA1D4EAFF4E9FB37E23D68491D6F4&Sec-MS-GEC=AC521120634CEDF6CEF2B3F953FB73D0DDEE6DAC3BD4006F21179F8B9FE11AFB&Sec-MS-GEC-Version=1-130.0.2849.68&ConnectionId=aebe52b48f6d43a68b169826e79fee5d'
2026-04-26 17:06:10 - tarjimon_bot - ERROR - User 8353627615: Voice generation error: Voice file not generated
2026-04-26 17:13:33 - tarjimon_bot - ERROR - edge_tts error: edge-tts generation failed: 403, message='Invalid response status', url='wss://speech.platform.bing.com/consumer/speech/synthesize/readaloud/edge/v1?TrustedClientToken=6A5AA1D4EAFF4E9FB37E23D68491D6F4&Sec-MS-GEC=E56F8B177948E7223FABCD0567F50FCA912C7B0EC286C8DE0538F1F804E0B3CE&Sec-MS-GEC-Version=1-130.0.2849.68&ConnectionId=5f9c7a17ce984ea0a4e7ab7fb937d7f1'
2026-04-26 17:13:33 - tarjimon_bot - ERROR - gTTS not available for uz, cannot fallback
2026-04-26 17:13:33 - tarjimon_bot - ERROR - Voice generation failed for uz: edge-tts generation failed: 403, message='Invalid response status', url='wss://speech.platform.bing.com/consumer/speech/synthesize/readaloud/edge/v1?TrustedClientToken=6A5AA1D4EAFF4E9FB37E23D68491D6F4&Sec-MS-GEC=E56F8B177948E7223FABCD0567F50FCA912C7B0EC286C8DE0538F1F804E0B3CE&Sec-MS-GEC-Version=1-130.0.2849.68&ConnectionId=5f9c7a17ce984ea0a4e7ab7fb937d7f1'
2026-04-26 17:13:33 - tarjimon_bot - ERROR - User 6689271226: Voice generation error: Voice file not generated
2026-04-26 17:13:50 - tarjimon_bot - ERROR - edge_tts error: edge-tts generation failed: 403, message='Invalid response status', url='wss://speech.platform.bing.com/consumer/speech/synthesize/readaloud/edge/v1?TrustedClientToken=6A5AA1D4EAFF4E9FB37E23D68491D6F4&Sec-MS-GEC=E56F8B177948E7223FABCD0567F50FCA912C7B0EC286C8DE0538F1F804E0B3CE&Sec-MS-GEC-Version=1-130.0.2849.68&ConnectionId=78cfe7296cd04ac08d3f37cba7faaded'
2026-04-26 17:13:50 - tarjimon_bot - ERROR - gTTS not available for uz, cannot fallback
2026-04-26 17:13:50 - tarjimon_bot - ERROR - Voice generation failed for uz: edge-tts generation failed: 403, message='Invalid response status', url='wss://speech.platform.bing.com/consumer/speech/synthesize/readaloud/edge/v1?TrustedClientToken=6A5AA1D4EAFF4E9FB37E23D68491D6F4&Sec-MS-GEC=E56F8B177948E7223FABCD0567F50FCA912C7B0EC286C8DE0538F1F804E0B3CE&Sec-MS-GEC-Version=1-130.0.2849.68&ConnectionId=78cfe7296cd04ac08d3f37cba7faaded'
2026-04-26 17:13:50 - tarjimon_bot - ERROR - User 6689271226: Voice generation error: Voice file not generated
2026-04-26 17:14:05 - tarjimon_bot - ERROR - edge_tts error: edge-tts generation failed: 403, message='Invalid response status', url='wss://speech.platform.bing.com/consumer/speech/synthesize/readaloud/edge/v1?TrustedClientToken=6A5AA1D4EAFF4E9FB37E23D68491D6F4&Sec-MS-GEC=E56F8B177948E7223FABCD0567F50FCA912C7B0EC286C8DE0538F1F804E0B3CE&Sec-MS-GEC-Version=1-130.0.2849.68&ConnectionId=cb307f61643d4072b9d0c6b11f4b7538'
2026-04-26 17:14:05 - tarjimon_bot - ERROR - gTTS not available for uz, cannot fallback
2026-04-26 17:14:05 - tarjimon_bot - ERROR - Voice generation failed for uz: edge-tts generation failed: 403, message='Invalid response status', url='wss://speech.platform.bing.com/consumer/speech/synthesize/readaloud/edge/v1?TrustedClientToken=6A5AA1D4EAFF4E9FB37E23D68491D6F4&Sec-MS-GEC=E56F8B177948E7223FABCD0567F50FCA912C7B0EC286C8DE0538F1F804E0B3CE&Sec-MS-GEC-Version=1-130.0.2849.68&ConnectionId=cb307f61643d4072b9d0c6b11f4b7538'
2026-04-26 17:14:05 - tarjimon_bot - ERROR - User 6689271226: Voice generation error: Voice file not generated
2026-04-26 17:49:02 - tarjimon_bot - ERROR - Using Uzbek voice: uz-UZ-MadinaNeural
2026-04-26 17:49:02 - tarjimon_bot - ERROR - Attempting edge-tts generation for uz with voice: uz-UZ-MadinaNeural
2026-04-26 17:49:04 - tarjimon_bot - ERROR - edge_tts error for uz: Voice service temporarily unavailable (403 Forbidden)
2026-04-26 17:49:04 - tarjimon_bot - ERROR - Service unavailable error for uz: Voice service temporarily unavailable (403 Forbidden)
2026-04-26 17:49:04 - tarjimon_bot - ERROR - Voice generation failed for uz: Hozircha ovozli xizmatda texnik uzilish bor. Keyinroq urinib ko'ring.
2026-04-26 17:49:04 - tarjimon_bot - ERROR - User 7171330738: generate_voice returned None for uz
2026-04-26 17:49:09 - tarjimon_bot - ERROR - Using Uzbek voice: uz-UZ-MadinaNeural
2026-04-26 17:49:09 - tarjimon_bot - ERROR - Attempting edge-tts generation for uz with voice: uz-UZ-MadinaNeural
2026-04-26 17:49:11 - tarjimon_bot - ERROR - edge_tts error for uz: Voice service temporarily unavailable (403 Forbidden)
2026-04-26 17:49:11 - tarjimon_bot - ERROR - Service unavailable error for uz: Voice service temporarily unavailable (403 Forbidden)
2026-04-26 17:49:11 - tarjimon_bot - ERROR - Voice generation failed for uz: Hozircha ovozli xizmatda texnik uzilish bor. Keyinroq urinib ko'ring.
2026-04-26 17:49:11 - tarjimon_bot - ERROR - User 7171330738: generate_voice returned None for uz
2026-04-26 19:56:11 - tarjimon_bot - ERROR - Using Uzbek voice: uz-UZ-MadinaNeural
2026-04-26 19:56:11 - tarjimon_bot - ERROR - Attempting edge-tts generation for uz with voice: uz-UZ-MadinaNeural
2026-04-26 19:56:12 - tarjimon_bot - ERROR - edge_tts error for uz: Voice service temporarily unavailable (403 Forbidden)
2026-04-26 19:56:12 - tarjimon_bot - ERROR - Service unavailable error for uz: Voice service temporarily unavailable (403 Forbidden)
2026-04-26 19:56:12 - tarjimon_bot - ERROR - Voice generation failed for uz: Hozircha ovozli xizmatda texnik uzilish bor. Keyinroq urinib ko'ring.
2026-04-26 19:56:12 - tarjimon_bot - ERROR - User 7171330738: generate_voice returned None for uz
2026-04-26 20:02:11 - tarjimon_bot - ERROR - Using Uzbek voice: uz-UZ-MadinaNeural
2026-04-26 20:02:11 - tarjimon_bot - ERROR - Attempting edge-tts generation for uz with voice: uz-UZ-MadinaNeural
2026-04-26 20:02:14 - tarjimon_bot - ERROR - edge_tts error for uz: Voice service temporarily unavailable (403 Forbidden)
2026-04-26 20:02:14 - tarjimon_bot - ERROR - Service unavailable error for uz: Voice service temporarily unavailable (403 Forbidden)
2026-04-26 20:02:14 - tarjimon_bot - ERROR - Voice generation failed for uz: Hozircha ovozli xizmatda texnik uzilish bor. Keyinroq urinib ko'ring.
2026-04-26 20:02:14 - tarjimon_bot - ERROR - User 139756664: generate_voice returned None for uz
2026-04-26 20:02:44 - tarjimon_bot - ERROR - Attempting edge-tts generation for en with voice: en-US-GuyNeural
2026-04-26 20:02:46 - tarjimon_bot - ERROR - edge_tts error for en: Voice service temporarily unavailable (403 Forbidden)
2026-04-26 20:02:46 - tarjimon_bot - ERROR - Service unavailable error for en: Voice service temporarily unavailable (403 Forbidden)
2026-04-26 20:02:46 - tarjimon_bot - ERROR - Voice generation failed for en: Hozircha ovozli xizmatda texnik uzilish bor. Keyinroq urinib ko'ring.
2026-04-26 20:02:46 - tarjimon_bot - ERROR - User 7171330738: generate_voice returned None for en
2026-04-26 20:03:06 - tarjimon_bot - ERROR - Using Uzbek voice: uz-UZ-MadinaNeural
2026-04-26 20:03:06 - tarjimon_bot - ERROR - Attempting edge-tts generation for uz with voice: uz-UZ-MadinaNeural
2026-04-26 20:03:10 - tarjimon_bot - ERROR - edge_tts error for uz: Voice service temporarily unavailable (403 Forbidden)
2026-04-26 20:03:10 - tarjimon_bot - ERROR - Service unavailable error for uz: Voice service temporarily unavailable (403 Forbidden)
2026-04-26 20:03:10 - tarjimon_bot - ERROR - Voice generation failed for uz: Hozircha ovozli xizmatda texnik uzilish bor. Keyinroq urinib ko'ring.
2026-04-26 20:03:10 - tarjimon_bot - ERROR - User 139756664: generate_voice returned None for uz
2026-04-26 20:08:05 - tarjimon_bot - ERROR - Attempting edge-tts generation for en with voice: en-US-GuyNeural
2026-04-26 20:08:06 - tarjimon_bot - ERROR - edge-tts generation successful for en
2026-04-26 20:08:06 - tarjimon_bot - ERROR - Voice generation completed successfully for en
2026-04-26 20:09:35 - tarjimon_bot - ERROR - Using Uzbek voice: uz-UZ-MadinaNeural
2026-04-26 20:09:35 - tarjimon_bot - ERROR - Attempting edge-tts generation for uz with voice: uz-UZ-MadinaNeural
2026-04-26 20:09:36 - tarjimon_bot - ERROR - edge-tts generation successful for uz
2026-04-26 20:09:36 - tarjimon_bot - ERROR - Voice generation completed successfully for uz
2026-04-26 20:10:09 - tarjimon_bot - ERROR - Attempting edge-tts generation for en with voice: en-US-GuyNeural
2026-04-26 20:10:10 - tarjimon_bot - ERROR - edge-tts generation successful for en
2026-04-26 20:10:10 - tarjimon_bot - ERROR - Voice generation completed successfully for en
2026-04-26 20:11:45 - tarjimon_bot - ERROR - Using Uzbek voice: uz-UZ-MadinaNeural
2026-04-26 20:11:45 - tarjimon_bot - ERROR - Attempting edge-tts generation for uz with voice: uz-UZ-MadinaNeural
2026-04-26 20:11:46 - tarjimon_bot - ERROR - edge-tts generation successful for uz
2026-04-26 20:11:46 - tarjimon_bot - ERROR - Voice generation completed successfully for uz
2026-04-26 20:12:11 - tarjimon_bot - ERROR - Using Uzbek voice: uz-UZ-MadinaNeural
2026-04-26 20:12:11 - tarjimon_bot - ERROR - Attempting edge-tts generation for uz with voice: uz-UZ-MadinaNeural
2026-04-26 20:12:12 - tarjimon_bot - ERROR - edge-tts generation successful for uz
2026-04-26 20:12:12 - tarjimon_bot - ERROR - Voice generation completed successfully for uz
2026-04-26 20:13:01 - tarjimon_bot - ERROR - Using Uzbek voice: uz-UZ-MadinaNeural
2026-04-26 20:13:01 - tarjimon_bot - ERROR - Attempting edge-tts generation for uz with voice: uz-UZ-MadinaNeural
2026-04-26 20:13:02 - tarjimon_bot - ERROR - edge-tts generation successful for uz
2026-04-26 20:13:02 - tarjimon_bot - ERROR - Voice generation completed successfully for uz
2026-04-26 20:16:15 - tarjimon_bot - ERROR - Attempting edge-tts generation for en with voice: en-US-GuyNeural
2026-04-26 20:16:17 - tarjimon_bot - ERROR - edge-tts generation successful for en
2026-04-26 20:16:17 - tarjimon_bot - ERROR - Voice generation completed successfully for en
2026-04-26 20:16:37 - tarjimon_bot - ERROR - Using Uzbek voice: uz-UZ-MadinaNeural
2026-04-26 20:16:37 - tarjimon_bot - ERROR - Attempting edge-tts generation for uz with voice: uz-UZ-MadinaNeural
2026-04-26 20:16:43 - tarjimon_bot - ERROR - edge-tts generation successful for uz
2026-04-26 20:16:43 - tarjimon_bot - ERROR - Voice generation completed successfully for uz
2026-04-26 20:17:51 - tarjimon_bot - ERROR - Attempting edge-tts generation for en with voice: en-US-GuyNeural
2026-04-26 20:17:52 - tarjimon_bot - ERROR - edge-tts generation successful for en
2026-04-26 20:17:52 - tarjimon_bot - ERROR - Voice generation completed successfully for en
2026-04-26 20:18:04 - tarjimon_bot - ERROR - User 139756664: Translation not found in cache: 885071bfcc3bee5e5964197441b0be4c
2026-04-26 20:18:30 - tarjimon_bot - ERROR - Using Uzbek voice: uz-UZ-MadinaNeural
2026-04-26 20:18:30 - tarjimon_bot - ERROR - Attempting edge-tts generation for uz with voice: uz-UZ-MadinaNeural
2026-04-26 20:18:32 - tarjimon_bot - ERROR - edge-tts generation successful for uz
2026-04-26 20:18:32 - tarjimon_bot - ERROR - Voice generation completed successfully for uz
2026-04-26 20:18:59 - tarjimon_bot - ERROR - Using Uzbek voice: uz-UZ-MadinaNeural
2026-04-26 20:18:59 - tarjimon_bot - ERROR - Attempting edge-tts generation for uz with voice: uz-UZ-MadinaNeural
2026-04-26 20:19:00 - tarjimon_bot - ERROR - edge-tts generation successful for uz
2026-04-26 20:19:00 - tarjimon_bot - ERROR - Voice generation completed successfully for uz
2026-04-26 20:24:08 - tarjimon_bot - ERROR - Using Uzbek voice: uz-UZ-MadinaNeural
2026-04-26 20:24:08 - tarjimon_bot - ERROR - Attempting edge-tts generation for uz with voice: uz-UZ-MadinaNeural
2026-04-26 20:24:09 - tarjimon_bot - ERROR - edge-tts generation successful for uz
2026-04-26 20:24:09 - tarjimon_bot - ERROR - Voice generation completed successfully for uz
2026-04-26 20:24:49 - tarjimon_bot - ERROR - Attempting edge-tts generation for tr with voice: tr-TR-AhmetNeural
2026-04-26 20:24:50 - tarjimon_bot - ERROR - edge-tts generation successful for tr
2026-04-26 20:24:50 - tarjimon_bot - ERROR - Voice generation completed successfully for tr
2026-04-26 20:27:13 - tarjimon_bot - ERROR - Using Uzbek voice: uz-UZ-MadinaNeural
2026-04-26 20:27:13 - tarjimon_bot - ERROR - Attempting edge-tts generation for uz with voice: uz-UZ-MadinaNeural
2026-04-26 20:27:15 - tarjimon_bot - ERROR - edge-tts generation successful for uz
2026-04-26 20:27:15 - tarjimon_bot - ERROR - Voice generation completed successfully for uz
2026-04-26 20:38:36 - tarjimon_bot - ERROR - Attempting edge-tts generation for en with voice: en-US-GuyNeural
2026-04-26 20:38:37 - tarjimon_bot - ERROR - edge-tts generation successful for en
2026-04-26 20:38:37 - tarjimon_bot - ERROR - Voice generation completed successfully for en
2026-04-26 20:38:50 - tarjimon_bot - ERROR - Attempting edge-tts generation for ko with voice: ko-KR-InJoonNeural
2026-04-26 20:38:50 - tarjimon_bot - ERROR - edge-tts generation successful for ko
2026-04-26 20:38:50 - tarjimon_bot - ERROR - Voice generation completed successfully for ko
2026-04-26 20:39:03 - tarjimon_bot - ERROR - Attempting edge-tts generation for ko with voice: ko-KR-InJoonNeural
2026-04-26 20:39:04 - tarjimon_bot - ERROR - edge-tts generation successful for ko
2026-04-26 20:39:04 - tarjimon_bot - ERROR - Voice generation completed successfully for ko
2026-04-26 20:39:53 - tarjimon_bot - ERROR - Attempting edge-tts generation for en with voice: en-US-GuyNeural
2026-04-26 20:39:55 - tarjimon_bot - ERROR - edge-tts generation successful for en
2026-04-26 20:39:55 - tarjimon_bot - ERROR - Voice generation completed successfully for en
2026-04-26 20:40:03 - tarjimon_bot - ERROR - Attempting edge-tts generation for ru with voice: ru-RU-DmitryNeural
2026-04-26 20:40:18 - tarjimon_bot - ERROR - edge-tts generation successful for ru
2026-04-26 20:40:18 - tarjimon_bot - ERROR - Voice generation completed successfully for ru
2026-04-26 20:40:36 - tarjimon_bot - ERROR - Attempting edge-tts generation for tr with voice: tr-TR-AhmetNeural
2026-04-26 20:40:37 - tarjimon_bot - ERROR - edge-tts generation successful for tr
2026-04-26 20:40:37 - tarjimon_bot - ERROR - Voice generation completed successfully for tr
2026-04-26 20:41:05 - tarjimon_bot - ERROR - Attempting edge-tts generation for ar with voice: ar-SA-HamedNeural
2026-04-26 20:41:06 - tarjimon_bot - ERROR - edge-tts generation successful for ar
2026-04-26 20:41:06 - tarjimon_bot - ERROR - Voice generation completed successfully for ar
2026-04-26 20:41:23 - tarjimon_bot - ERROR - Attempting edge-tts generation for ko with voice: ko-KR-InJoonNeural
2026-04-26 20:41:28 - tarjimon_bot - ERROR - edge-tts generation successful for ko
2026-04-26 20:41:28 - tarjimon_bot - ERROR - Voice generation completed successfully for ko
2026-04-26 20:41:31 - tarjimon_bot - ERROR - User 8353627615: Translation not found in cache: 4050a2af46c710530ea293616804643f
2026-04-26 20:41:49 - tarjimon_bot - ERROR - Attempting edge-tts generation for ru with voice: ru-RU-DmitryNeural
2026-04-26 20:41:53 - tarjimon_bot - ERROR - edge-tts generation successful for ru
2026-04-26 20:41:53 - tarjimon_bot - ERROR - Voice generation completed successfully for ru
2026-04-26 20:42:45 - tarjimon_bot - ERROR - Attempting edge-tts generation for ar with voice: ar-SA-HamedNeural
2026-04-26 20:42:52 - tarjimon_bot - ERROR - edge-tts generation successful for ar
2026-04-26 20:42:52 - tarjimon_bot - ERROR - Voice generation completed successfully for ar
2026-04-26 20:43:01 - tarjimon_bot - ERROR - Attempting edge-tts generation for ru with voice: ru-RU-DmitryNeural
2026-04-26 20:43:02 - tarjimon_bot - ERROR - edge-tts generation successful for ru
2026-04-26 20:43:02 - tarjimon_bot - ERROR - Voice generation completed successfully for ru
2026-04-26 20:43:45 - tarjimon_bot - ERROR - Attempting edge-tts generation for ar with voice: ar-SA-HamedNeural
2026-04-26 20:43:47 - tarjimon_bot - ERROR - edge-tts generation successful for ar
2026-04-26 20:43:47 - tarjimon_bot - ERROR - Voice generation completed successfully for ar
2026-04-26 20:44:11 - tarjimon_bot - ERROR - Attempting edge-tts generation for tr with voice: tr-TR-AhmetNeural
2026-04-26 20:44:12 - tarjimon_bot - ERROR - edge-tts generation successful for tr
2026-04-26 20:44:12 - tarjimon_bot - ERROR - Voice generation completed successfully for tr
2026-04-26 20:45:18 - tarjimon_bot - ERROR - Attempting edge-tts generation for en with voice: en-US-GuyNeural
2026-04-26 20:45:19 - tarjimon_bot - ERROR - edge-tts generation successful for en
2026-04-26 20:45:19 - tarjimon_bot - ERROR - Voice generation completed successfully for en
2026-04-26 20:51:32 - tarjimon_bot - ERROR - Attempting edge-tts generation for ar with voice: ar-SA-HamedNeural
2026-04-26 20:51:33 - tarjimon_bot - ERROR - edge-tts generation successful for ar
2026-04-26 20:51:33 - tarjimon_bot - ERROR - Voice generation completed successfully for ar
2026-04-26 21:01:03 - tarjimon_bot - ERROR - Attempting edge-tts generation for ru with voice: ru-RU-DmitryNeural
2026-04-26 21:01:04 - tarjimon_bot - ERROR - edge-tts generation successful for ru
2026-04-26 21:01:04 - tarjimon_bot - ERROR - Voice generation completed successfully for ru
2026-04-26 21:01:30 - tarjimon_bot - ERROR - Attempting edge-tts generation for ru with voice: ru-RU-DmitryNeural
2026-04-26 21:01:32 - tarjimon_bot - ERROR - edge-tts generation successful for ru
2026-04-26 21:01:32 - tarjimon_bot - ERROR - Voice generation completed successfully for ru
2026-04-26 21:01:57 - tarjimon_bot - ERROR - Attempting edge-tts generation for tr with voice: tr-TR-AhmetNeural
2026-04-26 21:01:58 - tarjimon_bot - ERROR - edge-tts generation successful for tr
2026-04-26 21:01:58 - tarjimon_bot - ERROR - Voice generation completed successfully for tr
2026-04-26 21:02:26 - tarjimon_bot - ERROR - Attempting edge-tts generation for ar with voice: ar-SA-HamedNeural
2026-04-26 21:02:27 - tarjimon_bot - ERROR - edge-tts generation successful for ar
2026-04-26 21:02:27 - tarjimon_bot - ERROR - Voice generation completed successfully for ar
2026-04-26 21:02:48 - tarjimon_bot - ERROR - Attempting edge-tts generation for ko with voice: ko-KR-InJoonNeural
2026-04-26 21:02:49 - tarjimon_bot - ERROR - edge-tts generation successful for ko
2026-04-26 21:02:49 - tarjimon_bot - ERROR - Voice generation completed successfully for ko
2026-04-26 21:13:52 - tarjimon_bot - ERROR - User 7171330738: Selected Uzbek while input is Uzbek: no translation needed
2026-04-26 21:13:52 - tarjimon_bot - ERROR - User 7171330738: Translation returned None in Uzbek mode
2026-04-26 21:14:17 - tarjimon_bot - ERROR - Attempting edge-tts generation for en with voice: en-US-GuyNeural
2026-04-26 21:14:18 - tarjimon_bot - ERROR - edge-tts generation successful for en
2026-04-26 21:14:18 - tarjimon_bot - ERROR - Voice generation completed successfully for en
2026-04-26 21:14:44 - tarjimon_bot - ERROR - User 7171330738: Selected Uzbek while input is Uzbek: no translation needed
2026-04-26 21:14:44 - tarjimon_bot - ERROR - User 7171330738: Translation returned None in Uzbek mode
2026-04-26 21:22:39 - tarjimon_bot - ERROR - Attempting edge-tts generation for en with voice: en-US-GuyNeural
2026-04-26 21:22:41 - tarjimon_bot - ERROR - edge-tts generation successful for en
2026-04-26 21:22:41 - tarjimon_bot - ERROR - Voice generation completed successfully for en
2026-04-26 21:23:06 - tarjimon_bot - ERROR - Attempting edge-tts generation for en with voice: en-US-GuyNeural
2026-04-26 21:23:07 - tarjimon_bot - ERROR - edge-tts generation successful for en
2026-04-26 21:23:07 - tarjimon_bot - ERROR - Voice generation completed successfully for en
2026-04-26 21:23:27 - tarjimon_bot - ERROR - Attempting edge-tts generation for ko with voice: ko-KR-InJoonNeural
2026-04-26 21:23:28 - tarjimon_bot - ERROR - edge-tts generation successful for ko
2026-04-26 21:23:28 - tarjimon_bot - ERROR - Voice generation completed successfully for ko
2026-04-26 21:24:07 - tarjimon_bot - ERROR - Attempting edge-tts generation for ru with voice: ru-RU-DmitryNeural
2026-04-26 21:24:08 - tarjimon_bot - ERROR - edge-tts generation successful for ru
2026-04-26 21:24:08 - tarjimon_bot - ERROR - Voice generation completed successfully for ru
2026-04-26 21:26:13 - tarjimon_bot - ERROR - Using Uzbek voice: uz-UZ-MadinaNeural
2026-04-26 21:26:13 - tarjimon_bot - ERROR - Attempting edge-tts generation for uz with voice: uz-UZ-MadinaNeural
2026-04-26 21:26:14 - tarjimon_bot - ERROR - edge-tts generation successful for uz
2026-04-26 21:26:14 - tarjimon_bot - ERROR - Voice generation completed successfully for uz
2026-04-26 21:31:04 - tarjimon_bot - ERROR - User 7171330738: Selected Uzbek while input is Uzbek: no translation needed
2026-04-26 21:31:04 - tarjimon_bot - ERROR - User 7171330738: Translation returned None in Uzbek mode
2026-04-26 21:32:55 - tarjimon_bot - ERROR - Attempting edge-tts generation for en with voice: en-US-GuyNeural
2026-04-26 21:32:56 - tarjimon_bot - ERROR - edge-tts generation successful for en
2026-04-26 21:32:56 - tarjimon_bot - ERROR - Voice generation completed successfully for en
2026-04-26 21:40:20 - tarjimon_bot - ERROR - Attempting edge-tts generation for en with voice: en-US-GuyNeural
2026-04-26 21:40:21 - tarjimon_bot - ERROR - edge-tts generation successful for en
2026-04-26 21:40:21 - tarjimon_bot - ERROR - Voice generation completed successfully for en
2026-04-26 21:57:16 - tarjimon_bot - ERROR - Using Uzbek voice: uz-UZ-MadinaNeural
2026-04-26 21:57:16 - tarjimon_bot - ERROR - Attempting edge-tts generation for uz with voice: uz-UZ-MadinaNeural
2026-04-26 21:57:18 - tarjimon_bot - ERROR - edge-tts generation successful for uz
2026-04-26 21:57:18 - tarjimon_bot - ERROR - Voice generation completed successfully for uz
2026-04-26 22:05:25 - tarjimon_bot - ERROR - Using Uzbek voice: uz-UZ-MadinaNeural
2026-04-26 22:05:25 - tarjimon_bot - ERROR - Attempting edge-tts generation for uz with voice: uz-UZ-MadinaNeural
2026-04-26 22:05:28 - tarjimon_bot - ERROR - edge-tts generation successful for uz
2026-04-26 22:05:28 - tarjimon_bot - ERROR - Voice generation completed successfully for uz
2026-04-26 22:06:42 - tarjimon_bot - ERROR - Attempting edge-tts generation for ru with voice: ru-RU-SvetlanaNeural
2026-04-26 22:07:04 - tarjimon_bot - ERROR - edge-tts generation successful for ru
2026-04-26 22:07:04 - tarjimon_bot - ERROR - Voice generation completed successfully for ru
2026-04-26 22:07:34 - tarjimon_bot - ERROR - Attempting edge-tts generation for ar with voice: ar-SA-HamedNeural
2026-04-26 22:07:46 - tarjimon_bot - ERROR - edge-tts generation successful for ar
2026-04-26 22:07:47 - tarjimon_bot - ERROR - Voice generation completed successfully for ar
2026-04-26 22:12:14 - tarjimon_bot - ERROR - Attempting edge-tts generation for en with voice: en-US-GuyNeural
2026-04-26 22:12:15 - tarjimon_bot - ERROR - edge-tts generation successful for en
2026-04-26 22:12:15 - tarjimon_bot - ERROR - Voice generation completed successfully for en
2026-04-26 22:12:42 - tarjimon_bot - ERROR - Attempting edge-tts generation for ar with voice: ar-SA-HamedNeural
2026-04-26 22:12:43 - tarjimon_bot - ERROR - edge-tts generation successful for ar
2026-04-26 22:12:43 - tarjimon_bot - ERROR - Voice generation completed successfully for ar
2026-04-26 22:13:16 - tarjimon_bot - ERROR - Attempting edge-tts generation for ar with voice: ar-SA-HamedNeural
2026-04-26 22:13:17 - tarjimon_bot - ERROR - edge-tts generation successful for ar
2026-04-26 22:13:17 - tarjimon_bot - ERROR - Voice generation completed successfully for ar
2026-04-26 22:13:48 - tarjimon_bot - ERROR - Attempting edge-tts generation for ar with voice: ar-SA-HamedNeural
2026-04-26 22:13:50 - tarjimon_bot - ERROR - edge-tts generation successful for ar
2026-04-26 22:13:50 - tarjimon_bot - ERROR - Voice generation completed successfully for ar
2026-04-26 22:14:28 - tarjimon_bot - ERROR - Attempting edge-tts generation for ar with voice: ar-SA-HamedNeural
2026-04-26 22:14:30 - tarjimon_bot - ERROR - edge-tts generation successful for ar
2026-04-26 22:14:30 - tarjimon_bot - ERROR - Voice generation completed successfully for ar
2026-04-26 22:14:58 - tarjimon_bot - ERROR - Attempting edge-tts generation for ar with voice: ar-SA-HamedNeural
2026-04-26 22:15:00 - tarjimon_bot - ERROR - edge-tts generation successful for ar
2026-04-26 22:15:00 - tarjimon_bot - ERROR - Voice generation completed successfully for ar
2026-04-26 22:15:22 - tarjimon_bot - ERROR - Attempting edge-tts generation for en with voice: en-US-GuyNeural
2026-04-26 22:15:23 - tarjimon_bot - ERROR - edge-tts generation successful for en
2026-04-26 22:15:23 - tarjimon_bot - ERROR - Voice generation completed successfully for en
2026-04-26 22:16:25 - tarjimon_bot - ERROR - Using Uzbek voice: uz-UZ-MadinaNeural
2026-04-26 22:16:25 - tarjimon_bot - ERROR - Attempting edge-tts generation for uz with voice: uz-UZ-MadinaNeural
2026-04-26 22:16:30 - tarjimon_bot - ERROR - edge-tts generation successful for uz
2026-04-26 22:16:30 - tarjimon_bot - ERROR - Voice generation completed successfully for uz
2026-04-26 22:16:51 - tarjimon_bot - ERROR - Attempting edge-tts generation for ko with voice: ko-KR-SunHiNeural
2026-04-26 22:16:54 - tarjimon_bot - ERROR - edge-tts generation successful for ko
2026-04-26 22:16:54 - tarjimon_bot - ERROR - Voice generation completed successfully for ko
2026-04-26 22:28:19 - tarjimon_bot - ERROR - Using Uzbek voice: uz-UZ-MadinaNeural
2026-04-26 22:28:19 - tarjimon_bot - ERROR - Attempting edge-tts generation for uz with voice: uz-UZ-MadinaNeural
2026-04-26 22:28:20 - tarjimon_bot - ERROR - edge-tts generation successful for uz
2026-04-26 22:28:20 - tarjimon_bot - ERROR - Voice generation completed successfully for uz
2026-04-26 22:36:38 - tarjimon_bot - ERROR - Using Uzbek voice: uz-UZ-MadinaNeural
2026-04-26 22:36:38 - tarjimon_bot - ERROR - Attempting edge-tts generation for uz with voice: uz-UZ-MadinaNeural
2026-04-26 22:36:42 - tarjimon_bot - ERROR - edge-tts generation successful for uz
2026-04-26 22:36:42 - tarjimon_bot - ERROR - Voice generation completed successfully for uz
2026-04-26 22:37:50 - tarjimon_bot - ERROR - Attempting edge-tts generation for ar with voice: ar-SA-HamedNeural
2026-04-26 22:37:52 - tarjimon_bot - ERROR - edge-tts generation successful for ar
2026-04-26 22:37:52 - tarjimon_bot - ERROR - Voice generation completed successfully for ar
2026-04-26 22:52:04 - tarjimon_bot - ERROR - Attempting edge-tts generation for en with voice: en-US-GuyNeural
2026-04-26 22:52:05 - tarjimon_bot - ERROR - edge-tts generation successful for en
2026-04-26 22:52:05 - tarjimon_bot - ERROR - Voice generation completed successfully for en
2026-04-26 22:52:38 - tarjimon_bot - ERROR - Attempting edge-tts generation for ko with voice: ko-KR-SunHiNeural
2026-04-26 22:52:39 - tarjimon_bot - ERROR - edge-tts generation successful for ko
2026-04-26 22:52:39 - tarjimon_bot - ERROR - Voice generation completed successfully for ko
2026-04-26 22:53:13 - tarjimon_bot - ERROR - Attempting edge-tts generation for ko with voice: ko-KR-SunHiNeural
2026-04-26 22:53:14 - tarjimon_bot - ERROR - edge-tts generation successful for ko
2026-04-26 22:53:14 - tarjimon_bot - ERROR - Voice generation completed successfully for ko
2026-04-26 23:02:03 - tarjimon_bot - ERROR - Attempting edge-tts generation for ru with voice: ru-RU-SvetlanaNeural
2026-04-26 23:02:05 - tarjimon_bot - ERROR - edge-tts generation successful for ru
2026-04-26 23:02:05 - tarjimon_bot - ERROR - Voice generation completed successfully for ru
2026-04-26 23:03:14 - tarjimon_bot - ERROR - Attempting edge-tts generation for ru with voice: ru-RU-SvetlanaNeural
2026-04-26 23:03:16 - tarjimon_bot - ERROR - edge-tts generation successful for ru
2026-04-26 23:03:16 - tarjimon_bot - ERROR - Voice generation completed successfully for ru
2026-04-26 23:03:16 - tarjimon_bot - ERROR - User 7171330738: Failed to send voice message: HTTP Client says - ClientOSError: [Errno 13] Can not write request body for https://api.telegram.org/bot8616620709:AAHiEZgNnP_CJLEfu-stlIvaq-IlLAyYRCU/sendVoice
2026-04-26 23:04:13 - tarjimon_bot - ERROR - Attempting edge-tts generation for ar with voice: ar-SA-HamedNeural
2026-04-26 23:04:15 - tarjimon_bot - ERROR - edge-tts generation successful for ar
2026-04-26 23:04:15 - tarjimon_bot - ERROR - Voice generation completed successfully for ar
2026-04-26 23:04:50 - tarjimon_bot - ERROR - Attempting edge-tts generation for tr with voice: tr-TR-AhmetNeural
2026-04-26 23:04:51 - tarjimon_bot - ERROR - edge-tts generation successful for tr
2026-04-26 23:04:51 - tarjimon_bot - ERROR - Voice generation completed successfully for tr
2026-04-26 23:05:41 - tarjimon_bot - ERROR - Attempting edge-tts generation for ko with voice: ko-KR-SunHiNeural
2026-04-26 23:05:42 - tarjimon_bot - ERROR - edge-tts generation successful for ko
2026-04-26 23:05:42 - tarjimon_bot - ERROR - Voice generation completed successfully for ko
2026-04-26 23:12:04 - tarjimon_bot - ERROR - Attempting edge-tts generation for ar with voice: ar-SA-HamedNeural
2026-04-26 23:12:05 - tarjimon_bot - ERROR - edge-tts generation successful for ar
2026-04-26 23:12:05 - tarjimon_bot - ERROR - Voice generation completed successfully for ar
2026-04-26 23:35:52 - tarjimon_bot - ERROR - Attempting edge-tts generation for tr with voice: tr-TR-AhmetNeural
2026-04-26 23:35:53 - tarjimon_bot - ERROR - edge-tts generation successful for tr
2026-04-26 23:35:53 - tarjimon_bot - ERROR - Voice generation completed successfully for tr
2026-04-27 01:21:53 - tarjimon_bot - ERROR - Attempting edge-tts generation for tr with voice: tr-TR-AhmetNeural
2026-04-27 01:21:54 - tarjimon_bot - ERROR - edge-tts generation successful for tr
2026-04-27 01:21:54 - tarjimon_bot - ERROR - Voice generation completed successfully for tr
2026-04-27 01:23:00 - tarjimon_bot - ERROR - Attempting edge-tts generation for tr with voice: tr-TR-AhmetNeural
2026-04-27 01:23:01 - tarjimon_bot - ERROR - edge-tts generation successful for tr
2026-04-27 01:23:01 - tarjimon_bot - ERROR - Voice generation completed successfully for tr
2026-04-27 12:21:19 - tarjimon_bot - ERROR - Attempting edge-tts generation for en with voice: en-US-GuyNeural
2026-04-27 12:21:20 - tarjimon_bot - ERROR - edge-tts generation successful for en
2026-04-27 12:21:20 - tarjimon_bot - ERROR - Voice generation completed successfully for en
2026-04-27 12:29:34 - tarjimon_bot - ERROR - Attempting edge-tts generation for ru with voice: ru-RU-SvetlanaNeural
2026-04-27 12:29:36 - tarjimon_bot - ERROR - edge-tts generation successful for ru
2026-04-27 12:29:36 - tarjimon_bot - ERROR - Voice generation completed successfully for ru
2026-04-27 12:30:12 - tarjimon_bot - ERROR - Using Uzbek voice: uz-UZ-MadinaNeural
2026-04-27 12:30:12 - tarjimon_bot - ERROR - Attempting edge-tts generation for uz with voice: uz-UZ-MadinaNeural
2026-04-27 12:30:13 - tarjimon_bot - ERROR - edge-tts generation successful for uz
2026-04-27 12:30:13 - tarjimon_bot - ERROR - Voice generation completed successfully for uz
2026-04-27 12:30:39 - tarjimon_bot - ERROR - Attempting edge-tts generation for ko with voice: ko-KR-SunHiNeural
2026-04-27 12:30:41 - tarjimon_bot - ERROR - edge-tts generation successful for ko
2026-04-27 12:30:41 - tarjimon_bot - ERROR - Voice generation completed successfully for ko
2026-04-27 12:31:04 - tarjimon_bot - ERROR - Attempting edge-tts generation for ar with voice: ar-SA-HamedNeural
2026-04-27 12:31:05 - tarjimon_bot - ERROR - edge-tts generation successful for ar
2026-04-27 12:31:05 - tarjimon_bot - ERROR - Voice generation completed successfully for ar
2026-04-27 12:31:23 - tarjimon_bot - ERROR - Attempting edge-tts generation for tr with voice: tr-TR-AhmetNeural
2026-04-27 12:31:25 - tarjimon_bot - ERROR - edge-tts generation successful for tr
2026-04-27 12:31:25 - tarjimon_bot - ERROR - Voice generation completed successfully for tr
2026-04-27 13:00:41 - tarjimon_bot - ERROR - Attempting edge-tts generation for ko with voice: ko-KR-SunHiNeural
2026-04-27 13:00:42 - tarjimon_bot - ERROR - edge-tts generation successful for ko
2026-04-27 13:00:42 - tarjimon_bot - ERROR - Voice generation completed successfully for ko
2026-04-27 13:02:16 - tarjimon_bot - ERROR - Attempting edge-tts generation for ar with voice: ar-SA-HamedNeural
2026-04-27 13:02:18 - tarjimon_bot - ERROR - edge-tts generation successful for ar
2026-04-27 13:02:18 - tarjimon_bot - ERROR - Voice generation completed successfully for ar
2026-04-27 13:05:15 - tarjimon_bot - ERROR - Attempting edge-tts generation for tr with voice: tr-TR-AhmetNeural
2026-04-27 13:05:16 - tarjimon_bot - ERROR - edge-tts generation successful for tr
2026-04-27 13:05:16 - tarjimon_bot - ERROR - Voice generation completed successfully for tr
2026-04-27 13:51:04 - tarjimon_bot - ERROR - Using Uzbek voice: uz-UZ-MadinaNeural
2026-04-27 13:51:04 - tarjimon_bot - ERROR - Attempting edge-tts generation for uz with voice: uz-UZ-MadinaNeural
2026-04-27 13:51:05 - tarjimon_bot - ERROR - edge-tts generation successful for uz
2026-04-27 13:51:05 - tarjimon_bot - ERROR - Voice generation completed successfully for uz
2026-04-27 15:48:36 - tarjimon_bot - ERROR - Using Uzbek voice: uz-UZ-MadinaNeural
2026-04-27 15:48:36 - tarjimon_bot - ERROR - Attempting edge-tts generation for uz with voice: uz-UZ-MadinaNeural
2026-04-27 15:48:38 - tarjimon_bot - ERROR - edge-tts generation successful for uz
2026-04-27 15:48:38 - tarjimon_bot - ERROR - Voice generation completed successfully for uz
2026-04-27 15:49:10 - tarjimon_bot - ERROR - Attempting edge-tts generation for ko with voice: ko-KR-SunHiNeural
2026-04-27 15:49:12 - tarjimon_bot - ERROR - edge-tts generation successful for ko
2026-04-27 15:49:12 - tarjimon_bot - ERROR - Voice generation completed successfully for ko
2026-04-27 15:49:37 - tarjimon_bot - ERROR - User 7171330738: Translation not found in cache: 2c1d01775ab9f2b248ff41b4e723d56a
2026-04-27 15:49:42 - tarjimon_bot - ERROR - User 7171330738: Translation not found in cache: 2c1d01775ab9f2b248ff41b4e723d56a
2026-04-27 15:49:46 - tarjimon_bot - ERROR - User 7171330738: Translation not found in cache: 2c1d01775ab9f2b248ff41b4e723d56a
2026-04-27 15:50:00 - tarjimon_bot - ERROR - Attempting edge-tts generation for tr with voice: tr-TR-AhmetNeural
2026-04-27 15:50:05 - tarjimon_bot - ERROR - edge-tts generation successful for tr
2026-04-27 15:50:05 - tarjimon_bot - ERROR - Voice generation completed successfully for tr
2026-04-27 15:50:25 - tarjimon_bot - ERROR - Attempting edge-tts generation for ar with voice: ar-SA-HamedNeural
2026-04-27 15:50:27 - tarjimon_bot - ERROR - edge-tts generation successful for ar
2026-04-27 15:50:27 - tarjimon_bot - ERROR - Voice generation completed successfully for ar
2026-04-27 19:03:25 - tarjimon_bot - ERROR - Attempting edge-tts generation for ar with voice: ar-SA-HamedNeural
2026-04-27 19:03:27 - tarjimon_bot - ERROR - edge-tts generation successful for ar
2026-04-27 19:03:27 - tarjimon_bot - ERROR - Voice generation completed successfully for ar
2026-04-27 19:03:51 - tarjimon_bot - ERROR - Attempting edge-tts generation for ru with voice: ru-RU-SvetlanaNeural
2026-04-27 19:03:53 - tarjimon_bot - ERROR - edge-tts generation successful for ru
2026-04-27 19:03:53 - tarjimon_bot - ERROR - Voice generation completed successfully for ru
2026-04-27 19:04:14 - tarjimon_bot - ERROR - Attempting edge-tts generation for en with voice: en-US-GuyNeural
2026-04-27 19:04:17 - tarjimon_bot - ERROR - edge-tts generation successful for en
2026-04-27 19:04:17 - tarjimon_bot - ERROR - Voice generation completed successfully for en
2026-04-27 19:04:33 - tarjimon_bot - ERROR - Attempting edge-tts generation for tr with voice: tr-TR-AhmetNeural
2026-04-27 19:04:35 - tarjimon_bot - ERROR - edge-tts generation successful for tr
2026-04-27 19:04:35 - tarjimon_bot - ERROR - Voice generation completed successfully for tr
2026-04-27 19:04:52 - tarjimon_bot - ERROR - Attempting edge-tts generation for ko with voice: ko-KR-SunHiNeural
2026-04-27 19:04:54 - tarjimon_bot - ERROR - edge-tts generation successful for ko
2026-04-27 19:04:54 - tarjimon_bot - ERROR - Voice generation completed successfully for ko
2026-04-27 19:05:09 - tarjimon_bot - ERROR - Using Uzbek voice: uz-UZ-MadinaNeural
2026-04-27 19:05:09 - tarjimon_bot - ERROR - Attempting edge-tts generation for uz with voice: uz-UZ-MadinaNeural
2026-04-27 19:05:10 - tarjimon_bot - ERROR - edge-tts generation successful for uz
2026-04-27 19:05:10 - tarjimon_bot - ERROR - Voice generation completed successfully for uz
2026-04-27 19:05:27 - tarjimon_bot - ERROR - User 7171330738: Error getting stats: name 'conn' is not defined
2026-04-27 19:05:39 - tarjimon_bot - ERROR - User 7171330738: Error getting total translations: name 'conn' is not defined
2026-04-27 19:05:52 - tarjimon_bot - ERROR - User 7171330738: Error getting stats: name 'conn' is not defined
2026-04-28 10:23:55 - tarjimon_bot - ERROR - WEBHOOK_HOST not configured! Please set WEBHOOK_HOST in environment variables.
2026-04-28 14:06:35 - tarjimon_bot - ERROR - WEBHOOK_HOST not configured! Please set WEBHOOK_HOST in environment variables.
